{"/home/harvmaster/Projects/Hashpass/v3/sdk/src/API/api.ts": {"path":"/home/harvmaster/Projects/Hashpass/v3/sdk/src/API/api.ts","statementMap":{"0":{"start":{"line":14,"column":4},"end":{"line":14,"column":19}},"1":{"start":{"line":15,"column":4},"end":{"line":15,"column":29}},"2":{"start":{"line":10,"column":0},"end":{"line":10,"column":13}},"3":{"start":{"line":19,"column":27},"end":{"line":37,"column":1}},"4":{"start":{"line":20,"column":19},"end":{"line":20,"column":89}},"5":{"start":{"line":21,"column":14},"end":{"line":25,"column":4}},"6":{"start":{"line":27,"column":2},"end":{"line":34,"column":3}},"7":{"start":{"line":28,"column":21},"end":{"line":32,"column":null}},"8":{"start":{"line":33,"column":4},"end":{"line":33,"column":67}},"9":{"start":{"line":36,"column":2},"end":{"line":36,"column":40}},"10":{"start":{"line":19,"column":13},"end":{"line":19,"column":27}},"11":{"start":{"line":40,"column":2},"end":{"line":42,"column":null}},"12":{"start":{"line":43,"column":2},"end":{"line":43,"column":null}},"13":{"start":{"line":46,"column":4},"end":{"line":46,"column":null}},"14":{"start":{"line":50,"column":4},"end":{"line":50,"column":null}},"15":{"start":{"line":51,"column":4},"end":{"line":51,"column":88}},"16":{"start":{"line":55,"column":4},"end":{"line":55,"column":null}},"17":{"start":{"line":56,"column":4},"end":{"line":56,"column":84}},"18":{"start":{"line":60,"column":4},"end":{"line":60,"column":null}},"19":{"start":{"line":61,"column":4},"end":{"line":61,"column":83}},"20":{"start":{"line":65,"column":4},"end":{"line":65,"column":null}},"21":{"start":{"line":66,"column":4},"end":{"line":66,"column":91}},"22":{"start":{"line":70,"column":4},"end":{"line":70,"column":23}},"23":{"start":{"line":74,"column":4},"end":{"line":74,"column":33}},"24":{"start":{"line":78,"column":4},"end":{"line":78,"column":55}},"25":{"start":{"line":82,"column":4},"end":{"line":82,"column":41}},"26":{"start":{"line":39,"column":0},"end":{"line":39,"column":13}},"27":{"start":{"line":86,"column":12},"end":{"line":86,"column":21}},"28":{"start":{"line":88,"column":0},"end":{"line":88,"column":null}}},"fnMap":{"0":{"name":"(anonymous_0)","decl":{"start":{"line":13,"column":2},"end":{"line":13,"column":14}},"loc":{"start":{"line":13,"column":44},"end":{"line":16,"column":3}}},"1":{"name":"(anonymous_1)","decl":{"start":{"line":19,"column":27},"end":{"line":19,"column":32}},"loc":{"start":{"line":19,"column":169},"end":{"line":37,"column":1}}},"2":{"name":"(anonymous_2)","decl":{"start":{"line":39,"column":0},"end":{"line":39,"column":13}},"loc":{"start":{"line":39,"column":0},"end":{"line":84,"column":1}}},"3":{"name":"(anonymous_3)","decl":{"start":{"line":45,"column":2},"end":{"line":45,"column":10}},"loc":{"start":{"line":45,"column":23},"end":{"line":47,"column":3}}},"4":{"name":"(anonymous_4)","decl":{"start":{"line":49,"column":2},"end":{"line":49,"column":7}},"loc":{"start":{"line":49,"column":80},"end":{"line":52,"column":3}}},"5":{"name":"(anonymous_5)","decl":{"start":{"line":54,"column":2},"end":{"line":54,"column":7}},"loc":{"start":{"line":54,"column":105},"end":{"line":57,"column":3}}},"6":{"name":"(anonymous_6)","decl":{"start":{"line":59,"column":2},"end":{"line":59,"column":7}},"loc":{"start":{"line":59,"column":104},"end":{"line":62,"column":3}}},"7":{"name":"(anonymous_7)","decl":{"start":{"line":64,"column":2},"end":{"line":64,"column":7}},"loc":{"start":{"line":64,"column":83},"end":{"line":67,"column":3}}},"8":{"name":"(anonymous_8)","decl":{"start":{"line":69,"column":2},"end":{"line":69,"column":12}},"loc":{"start":{"line":69,"column":25},"end":{"line":71,"column":3}}},"9":{"name":"(anonymous_9)","decl":{"start":{"line":73,"column":2},"end":{"line":73,"column":11}},"loc":{"start":{"line":73,"column":42},"end":{"line":75,"column":3}}},"10":{"name":"(anonymous_10)","decl":{"start":{"line":77,"column":2},"end":{"line":77,"column":16}},"loc":{"start":{"line":77,"column":31},"end":{"line":79,"column":3}}},"11":{"name":"(anonymous_11)","decl":{"start":{"line":81,"column":2},"end":{"line":81,"column":18}},"loc":{"start":{"line":81,"column":18},"end":{"line":83,"column":3}}}},"branchMap":{"0":{"loc":{"start":{"line":19,"column":97},"end":{"line":19,"column":119}},"type":"default-arg","locations":[{"start":{"line":19,"column":117},"end":{"line":19,"column":119}}]},"1":{"loc":{"start":{"line":20,"column":19},"end":{"line":20,"column":89}},"type":"cond-expr","locations":[{"start":{"line":20,"column":36},"end":{"line":20,"column":83}},{"start":{"line":20,"column":86},"end":{"line":20,"column":89}}]},"2":{"loc":{"start":{"line":24,"column":10},"end":{"line":24,"column":69}},"type":"cond-expr","locations":[{"start":{"line":24,"column":37},"end":{"line":24,"column":57}},{"start":{"line":24,"column":60},"end":{"line":24,"column":69}}]},"3":{"loc":{"start":{"line":27,"column":2},"end":{"line":34,"column":3}},"type":"if","locations":[{"start":{"line":27,"column":2},"end":{"line":34,"column":3}}]},"4":{"loc":{"start":{"line":49,"column":52},"end":{"line":49,"column":80}},"type":"default-arg","locations":[{"start":{"line":49,"column":78},"end":{"line":49,"column":80}}]},"5":{"loc":{"start":{"line":54,"column":53},"end":{"line":54,"column":75}},"type":"default-arg","locations":[{"start":{"line":54,"column":73},"end":{"line":54,"column":75}}]},"6":{"loc":{"start":{"line":54,"column":77},"end":{"line":54,"column":105}},"type":"default-arg","locations":[{"start":{"line":54,"column":103},"end":{"line":54,"column":105}}]},"7":{"loc":{"start":{"line":59,"column":52},"end":{"line":59,"column":74}},"type":"default-arg","locations":[{"start":{"line":59,"column":72},"end":{"line":59,"column":74}}]},"8":{"loc":{"start":{"line":59,"column":76},"end":{"line":59,"column":104}},"type":"default-arg","locations":[{"start":{"line":59,"column":102},"end":{"line":59,"column":104}}]},"9":{"loc":{"start":{"line":64,"column":55},"end":{"line":64,"column":83}},"type":"default-arg","locations":[{"start":{"line":64,"column":81},"end":{"line":64,"column":83}}]}},"s":{"0":10,"1":10,"2":2,"3":2,"4":18,"5":18,"6":18,"7":5,"8":5,"9":13,"10":2,"11":2,"12":2,"13":18,"14":4,"15":4,"16":11,"17":11,"18":0,"19":0,"20":3,"21":3,"22":0,"23":0,"24":0,"25":0,"26":2,"27":2,"28":2},"f":{"0":10,"1":18,"2":2,"3":18,"4":4,"5":11,"6":0,"7":3,"8":0,"9":0,"10":0,"11":0},"b":{"0":[7],"1":[0,18],"2":[11,7],"3":[5],"4":[1],"5":[0],"6":[11],"7":[0],"8":[0],"9":[0]}}
,"/home/harvmaster/Projects/Hashpass/v3/sdk/src/API/Auth/AuthToken.ts": {"path":"/home/harvmaster/Projects/Hashpass/v3/sdk/src/API/Auth/AuthToken.ts","statementMap":{"0":{"start":{"line":1,"column":0},"end":{"line":1,"column":39}},"1":{"start":{"line":2,"column":0},"end":{"line":2,"column":25}},"2":{"start":{"line":18,"column":4},"end":{"line":18,"column":50}},"3":{"start":{"line":19,"column":4},"end":{"line":19,"column":39}},"4":{"start":{"line":23,"column":4},"end":{"line":23,"column":null}},"5":{"start":{"line":24,"column":4},"end":{"line":24,"column":40}},"6":{"start":{"line":24,"column":28},"end":{"line":24,"column":40}},"7":{"start":{"line":25,"column":20},"end":{"line":25,"column":55}},"8":{"start":{"line":26,"column":16},"end":{"line":26,"column":33}},"9":{"start":{"line":27,"column":4},"end":{"line":27,"column":null}},"10":{"start":{"line":28,"column":4},"end":{"line":28,"column":null}},"11":{"start":{"line":29,"column":4},"end":{"line":29,"column":null}},"12":{"start":{"line":33,"column":4},"end":{"line":33,"column":71}},"13":{"start":{"line":33,"column":29},"end":{"line":33,"column":71}},"14":{"start":{"line":34,"column":18},"end":{"line":36,"column":6}},"15":{"start":{"line":37,"column":4},"end":{"line":37,"column":43}},"16":{"start":{"line":38,"column":4},"end":{"line":38,"column":30}},"17":{"start":{"line":42,"column":4},"end":{"line":42,"column":62}},"18":{"start":{"line":43,"column":4},"end":{"line":43,"column":83}},"19":{"start":{"line":43,"column":27},"end":{"line":43,"column":83}},"20":{"start":{"line":47,"column":4},"end":{"line":47,"column":34}},"21":{"start":{"line":47,"column":28},"end":{"line":47,"column":34}},"22":{"start":{"line":48,"column":4},"end":{"line":48,"column":42}},"23":{"start":{"line":52,"column":4},"end":{"line":52,"column":45}},"24":{"start":{"line":53,"column":4},"end":{"line":53,"column":44}},"25":{"start":{"line":54,"column":4},"end":{"line":54,"column":27}},"26":{"start":{"line":58,"column":25},"end":{"line":58,"column":74}},"27":{"start":{"line":59,"column":26},"end":{"line":59,"column":63}},"28":{"start":{"line":60,"column":4},"end":{"line":60,"column":31}},"29":{"start":{"line":60,"column":24},"end":{"line":60,"column":31}},"30":{"start":{"line":61,"column":4},"end":{"line":61,"column":58}},"31":{"start":{"line":65,"column":0},"end":{"line":65,"column":25}}},"fnMap":{"0":{"name":"(anonymous_0)","decl":{"start":{"line":17,"column":2},"end":{"line":17,"column":14}},"loc":{"start":{"line":17,"column":61},"end":{"line":20,"column":3}}},"1":{"name":"(anonymous_1)","decl":{"start":{"line":22,"column":2},"end":{"line":22,"column":11}},"loc":{"start":{"line":22,"column":11},"end":{"line":30,"column":3}}},"2":{"name":"(anonymous_2)","decl":{"start":{"line":32,"column":2},"end":{"line":32,"column":7}},"loc":{"start":{"line":32,"column":26},"end":{"line":39,"column":3}}},"3":{"name":"(anonymous_3)","decl":{"start":{"line":41,"column":2},"end":{"line":41,"column":12}},"loc":{"start":{"line":41,"column":12},"end":{"line":44,"column":3}}},"4":{"name":"(anonymous_4)","decl":{"start":{"line":46,"column":2},"end":{"line":46,"column":15}},"loc":{"start":{"line":46,"column":15},"end":{"line":49,"column":3}}},"5":{"name":"(anonymous_5)","decl":{"start":{"line":51,"column":2},"end":{"line":51,"column":8}},"loc":{"start":{"line":51,"column":21},"end":{"line":55,"column":3}}},"6":{"name":"(anonymous_6)","decl":{"start":{"line":57,"column":2},"end":{"line":57,"column":8}},"loc":{"start":{"line":57,"column":19},"end":{"line":62,"column":3}}}},"branchMap":{"0":{"loc":{"start":{"line":18,"column":24},"end":{"line":18,"column":49}},"type":"binary-expr","locations":[{"start":{"line":18,"column":24},"end":{"line":18,"column":36}},{"start":{"line":18,"column":40},"end":{"line":18,"column":49}}]},"1":{"loc":{"start":{"line":24,"column":4},"end":{"line":24,"column":40}},"type":"if","locations":[{"start":{"line":24,"column":4},"end":{"line":24,"column":40}}]},"2":{"loc":{"start":{"line":33,"column":4},"end":{"line":33,"column":71}},"type":"if","locations":[{"start":{"line":33,"column":4},"end":{"line":33,"column":71}}]},"3":{"loc":{"start":{"line":43,"column":4},"end":{"line":43,"column":83}},"type":"if","locations":[{"start":{"line":43,"column":4},"end":{"line":43,"column":83}}]},"4":{"loc":{"start":{"line":47,"column":4},"end":{"line":47,"column":34}},"type":"if","locations":[{"start":{"line":47,"column":4},"end":{"line":47,"column":34}}]},"5":{"loc":{"start":{"line":58,"column":25},"end":{"line":58,"column":74}},"type":"binary-expr","locations":[{"start":{"line":58,"column":25},"end":{"line":58,"column":61}},{"start":{"line":58,"column":65},"end":{"line":58,"column":74}}]},"6":{"loc":{"start":{"line":60,"column":4},"end":{"line":60,"column":31}},"type":"if","locations":[{"start":{"line":60,"column":4},"end":{"line":60,"column":31}}]}},"s":{"0":2,"1":2,"2":7,"3":7,"4":0,"5":0,"6":0,"7":0,"8":0,"9":0,"10":0,"11":0,"12":0,"13":0,"14":0,"15":0,"16":0,"17":0,"18":0,"19":0,"20":0,"21":0,"22":0,"23":0,"24":0,"25":0,"26":0,"27":0,"28":0,"29":0,"30":0,"31":2},"f":{"0":7,"1":0,"2":0,"3":0,"4":0,"5":0,"6":0},"b":{"0":[7,0],"1":[0],"2":[0],"3":[0],"4":[0],"5":[0,0],"6":[0]}}
,"/home/harvmaster/Projects/Hashpass/v3/sdk/src/API/Logo/getDomainRecommendation.ts": {"path":"/home/harvmaster/Projects/Hashpass/v3/sdk/src/API/Logo/getDomainRecommendation.ts","statementMap":{"0":{"start":{"line":1,"column":0},"end":{"line":1,"column":24}},"1":{"start":{"line":5,"column":39},"end":{"line":27,"column":1}},"2":{"start":{"line":6,"column":2},"end":{"line":26,"column":3}},"3":{"start":{"line":7,"column":25},"end":{"line":7,"column":27}},"4":{"start":{"line":8,"column":4},"end":{"line":8,"column":null}},"5":{"start":{"line":8,"column":22},"end":{"line":8,"column":null}},"6":{"start":{"line":9,"column":17},"end":{"line":11,"column":6}},"7":{"start":{"line":13,"column":4},"end":{"line":13,"column":null}},"8":{"start":{"line":15,"column":4},"end":{"line":15,"column":null}},"9":{"start":{"line":17,"column":4},"end":{"line":17,"column":null}},"10":{"start":{"line":18,"column":4},"end":{"line":20,"column":5}},"11":{"start":{"line":19,"column":6},"end":{"line":19,"column":null}},"12":{"start":{"line":21,"column":4},"end":{"line":23,"column":5}},"13":{"start":{"line":22,"column":6},"end":{"line":22,"column":null}},"14":{"start":{"line":25,"column":4},"end":{"line":25,"column":null}},"15":{"start":{"line":5,"column":13},"end":{"line":5,"column":39}},"16":{"start":{"line":29,"column":0},"end":{"line":29,"column":null}}},"fnMap":{"0":{"name":"(anonymous_0)","decl":{"start":{"line":5,"column":39},"end":{"line":5,"column":44}},"loc":{"start":{"line":5,"column":87},"end":{"line":27,"column":1}}}},"branchMap":{"0":{"loc":{"start":{"line":8,"column":4},"end":{"line":8,"column":null}},"type":"if","locations":[{"start":{"line":8,"column":4},"end":{"line":8,"column":null}}]},"1":{"loc":{"start":{"line":18,"column":4},"end":{"line":20,"column":5}},"type":"if","locations":[{"start":{"line":18,"column":4},"end":{"line":20,"column":5}}]},"2":{"loc":{"start":{"line":18,"column":8},"end":{"line":18,"column":29}},"type":"cond-expr","locations":[{"start":{"line":18,"column":21},"end":{"line":18,"column":23}},{"start":{"line":18,"column":21},"end":{"line":18,"column":29}}]},"3":{"loc":{"start":{"line":18,"column":8},"end":{"line":18,"column":23}},"type":"binary-expr","locations":[{"start":{"line":18,"column":8},"end":{"line":18,"column":23}},{"start":{"line":18,"column":21},"end":{"line":18,"column":23}}]},"4":{"loc":{"start":{"line":18,"column":8},"end":{"line":18,"column":21}},"type":"cond-expr","locations":[{"start":{"line":18,"column":11},"end":{"line":18,"column":13}},{"start":{"line":18,"column":8},"end":{"line":18,"column":21}}]},"5":{"loc":{"start":{"line":18,"column":8},"end":{"line":18,"column":13}},"type":"binary-expr","locations":[{"start":{"line":18,"column":8},"end":{"line":18,"column":13}},{"start":{"line":18,"column":8},"end":{"line":18,"column":13}}]},"6":{"loc":{"start":{"line":21,"column":4},"end":{"line":23,"column":5}},"type":"if","locations":[{"start":{"line":21,"column":4},"end":{"line":23,"column":5}}]},"7":{"loc":{"start":{"line":21,"column":8},"end":{"line":21,"column":29}},"type":"cond-expr","locations":[{"start":{"line":21,"column":21},"end":{"line":21,"column":23}},{"start":{"line":21,"column":21},"end":{"line":21,"column":29}}]},"8":{"loc":{"start":{"line":21,"column":8},"end":{"line":21,"column":23}},"type":"binary-expr","locations":[{"start":{"line":21,"column":8},"end":{"line":21,"column":23}},{"start":{"line":21,"column":21},"end":{"line":21,"column":23}}]},"9":{"loc":{"start":{"line":21,"column":8},"end":{"line":21,"column":21}},"type":"cond-expr","locations":[{"start":{"line":21,"column":11},"end":{"line":21,"column":13}},{"start":{"line":21,"column":8},"end":{"line":21,"column":21}}]},"10":{"loc":{"start":{"line":21,"column":8},"end":{"line":21,"column":13}},"type":"binary-expr","locations":[{"start":{"line":21,"column":8},"end":{"line":21,"column":13}},{"start":{"line":21,"column":8},"end":{"line":21,"column":13}}]}},"s":{"0":1,"1":1,"2":1,"3":1,"4":1,"5":1,"6":1,"7":1,"8":1,"9":0,"10":0,"11":0,"12":0,"13":0,"14":0,"15":1,"16":1},"f":{"0":1},"b":{"0":[1],"1":[0],"2":[0,0],"3":[0,0],"4":[0,0],"5":[0,0],"6":[0],"7":[0,0],"8":[0,0],"9":[0,0],"10":[0,0]}}
,"/home/harvmaster/Projects/Hashpass/v3/sdk/src/API/Logo/getLogos.ts": {"path":"/home/harvmaster/Projects/Hashpass/v3/sdk/src/API/Logo/getLogos.ts","statementMap":{"0":{"start":{"line":1,"column":0},"end":{"line":1,"column":24}},"1":{"start":{"line":5,"column":24},"end":{"line":21,"column":1}},"2":{"start":{"line":6,"column":2},"end":{"line":20,"column":3}},"3":{"start":{"line":7,"column":17},"end":{"line":7,"column":70}},"4":{"start":{"line":9,"column":4},"end":{"line":9,"column":null}},"5":{"start":{"line":11,"column":4},"end":{"line":11,"column":null}},"6":{"start":{"line":12,"column":4},"end":{"line":14,"column":5}},"7":{"start":{"line":13,"column":6},"end":{"line":13,"column":null}},"8":{"start":{"line":15,"column":4},"end":{"line":17,"column":5}},"9":{"start":{"line":16,"column":6},"end":{"line":16,"column":null}},"10":{"start":{"line":19,"column":4},"end":{"line":19,"column":null}},"11":{"start":{"line":5,"column":13},"end":{"line":5,"column":24}},"12":{"start":{"line":23,"column":0},"end":{"line":23,"column":null}}},"fnMap":{"0":{"name":"(anonymous_0)","decl":{"start":{"line":5,"column":24},"end":{"line":5,"column":29}},"loc":{"start":{"line":5,"column":49},"end":{"line":21,"column":1}}}},"branchMap":{"0":{"loc":{"start":{"line":12,"column":4},"end":{"line":14,"column":5}},"type":"if","locations":[{"start":{"line":12,"column":4},"end":{"line":14,"column":5}}]},"1":{"loc":{"start":{"line":12,"column":8},"end":{"line":12,"column":29}},"type":"cond-expr","locations":[{"start":{"line":12,"column":21},"end":{"line":12,"column":23}},{"start":{"line":12,"column":21},"end":{"line":12,"column":29}}]},"2":{"loc":{"start":{"line":12,"column":8},"end":{"line":12,"column":23}},"type":"binary-expr","locations":[{"start":{"line":12,"column":8},"end":{"line":12,"column":23}},{"start":{"line":12,"column":21},"end":{"line":12,"column":23}}]},"3":{"loc":{"start":{"line":12,"column":8},"end":{"line":12,"column":21}},"type":"cond-expr","locations":[{"start":{"line":12,"column":11},"end":{"line":12,"column":13}},{"start":{"line":12,"column":8},"end":{"line":12,"column":21}}]},"4":{"loc":{"start":{"line":12,"column":8},"end":{"line":12,"column":13}},"type":"binary-expr","locations":[{"start":{"line":12,"column":8},"end":{"line":12,"column":13}},{"start":{"line":12,"column":8},"end":{"line":12,"column":13}}]},"5":{"loc":{"start":{"line":15,"column":4},"end":{"line":17,"column":5}},"type":"if","locations":[{"start":{"line":15,"column":4},"end":{"line":17,"column":5}}]},"6":{"loc":{"start":{"line":15,"column":8},"end":{"line":15,"column":29}},"type":"cond-expr","locations":[{"start":{"line":15,"column":21},"end":{"line":15,"column":23}},{"start":{"line":15,"column":21},"end":{"line":15,"column":29}}]},"7":{"loc":{"start":{"line":15,"column":8},"end":{"line":15,"column":23}},"type":"binary-expr","locations":[{"start":{"line":15,"column":8},"end":{"line":15,"column":23}},{"start":{"line":15,"column":21},"end":{"line":15,"column":23}}]},"8":{"loc":{"start":{"line":15,"column":8},"end":{"line":15,"column":21}},"type":"cond-expr","locations":[{"start":{"line":15,"column":11},"end":{"line":15,"column":13}},{"start":{"line":15,"column":8},"end":{"line":15,"column":21}}]},"9":{"loc":{"start":{"line":15,"column":8},"end":{"line":15,"column":13}},"type":"binary-expr","locations":[{"start":{"line":15,"column":8},"end":{"line":15,"column":13}},{"start":{"line":15,"column":8},"end":{"line":15,"column":13}}]}},"s":{"0":1,"1":1,"2":1,"3":1,"4":1,"5":0,"6":0,"7":0,"8":0,"9":0,"10":0,"11":1,"12":1},"f":{"0":1},"b":{"0":[0],"1":[0,0],"2":[0,0],"3":[0,0],"4":[0,0],"5":[0],"6":[0,0],"7":[0,0],"8":[0,0],"9":[0,0]}}
,"/home/harvmaster/Projects/Hashpass/v3/sdk/src/API/Logo/index.ts": {"path":"/home/harvmaster/Projects/Hashpass/v3/sdk/src/API/Logo/index.ts","statementMap":{"0":{"start":{"line":1,"column":0},"end":{"line":1,"column":9}},"1":{"start":{"line":1,"column":9},"end":{"line":1,"column":43}},"2":{"start":{"line":2,"column":0},"end":{"line":2,"column":9}},"3":{"start":{"line":2,"column":9},"end":{"line":2,"column":28}}},"fnMap":{"0":{"name":"(anonymous_0)","decl":{"start":{"line":1,"column":9},"end":{"line":1,"column":16}},"loc":{"start":{"line":1,"column":9},"end":{"line":1,"column":43}}},"1":{"name":"(anonymous_1)","decl":{"start":{"line":2,"column":9},"end":{"line":2,"column":16}},"loc":{"start":{"line":2,"column":9},"end":{"line":2,"column":28}}}},"branchMap":{},"s":{"0":1,"1":2,"2":1,"3":2},"f":{"0":1,"1":1},"b":{}}
,"/home/harvmaster/Projects/Hashpass/v3/sdk/src/API/Users/createUser.ts": {"path":"/home/harvmaster/Projects/Hashpass/v3/sdk/src/API/Users/createUser.ts","statementMap":{"0":{"start":{"line":1,"column":0},"end":{"line":1,"column":42}},"1":{"start":{"line":2,"column":0},"end":{"line":2,"column":43}},"2":{"start":{"line":13,"column":26},"end":{"line":38,"column":1}},"3":{"start":{"line":14,"column":2},"end":{"line":37,"column":3}},"4":{"start":{"line":15,"column":17},"end":{"line":18,"column":6}},"5":{"start":{"line":20,"column":69},"end":{"line":20,"column":73}},"6":{"start":{"line":21,"column":22},"end":{"line":21,"column":68}},"7":{"start":{"line":23,"column":4},"end":{"line":26,"column":null}},"8":{"start":{"line":29,"column":4},"end":{"line":31,"column":5}},"9":{"start":{"line":30,"column":6},"end":{"line":30,"column":null}},"10":{"start":{"line":32,"column":4},"end":{"line":34,"column":5}},"11":{"start":{"line":33,"column":6},"end":{"line":33,"column":null}},"12":{"start":{"line":36,"column":4},"end":{"line":36,"column":null}},"13":{"start":{"line":13,"column":13},"end":{"line":13,"column":26}},"14":{"start":{"line":40,"column":0},"end":{"line":40,"column":null}}},"fnMap":{"0":{"name":"(anonymous_0)","decl":{"start":{"line":13,"column":26},"end":{"line":13,"column":31}},"loc":{"start":{"line":13,"column":71},"end":{"line":38,"column":1}}}},"branchMap":{"0":{"loc":{"start":{"line":29,"column":4},"end":{"line":31,"column":5}},"type":"if","locations":[{"start":{"line":29,"column":4},"end":{"line":31,"column":5}}]},"1":{"loc":{"start":{"line":29,"column":8},"end":{"line":29,"column":29}},"type":"cond-expr","locations":[{"start":{"line":29,"column":21},"end":{"line":29,"column":23}},{"start":{"line":29,"column":21},"end":{"line":29,"column":29}}]},"2":{"loc":{"start":{"line":29,"column":8},"end":{"line":29,"column":23}},"type":"binary-expr","locations":[{"start":{"line":29,"column":8},"end":{"line":29,"column":23}},{"start":{"line":29,"column":21},"end":{"line":29,"column":23}}]},"3":{"loc":{"start":{"line":29,"column":8},"end":{"line":29,"column":21}},"type":"cond-expr","locations":[{"start":{"line":29,"column":11},"end":{"line":29,"column":13}},{"start":{"line":29,"column":8},"end":{"line":29,"column":21}}]},"4":{"loc":{"start":{"line":29,"column":8},"end":{"line":29,"column":13}},"type":"binary-expr","locations":[{"start":{"line":29,"column":8},"end":{"line":29,"column":13}},{"start":{"line":29,"column":8},"end":{"line":29,"column":13}}]},"5":{"loc":{"start":{"line":32,"column":4},"end":{"line":34,"column":5}},"type":"if","locations":[{"start":{"line":32,"column":4},"end":{"line":34,"column":5}}]},"6":{"loc":{"start":{"line":32,"column":8},"end":{"line":32,"column":29}},"type":"cond-expr","locations":[{"start":{"line":32,"column":21},"end":{"line":32,"column":23}},{"start":{"line":32,"column":21},"end":{"line":32,"column":29}}]},"7":{"loc":{"start":{"line":32,"column":8},"end":{"line":32,"column":23}},"type":"binary-expr","locations":[{"start":{"line":32,"column":8},"end":{"line":32,"column":23}},{"start":{"line":32,"column":21},"end":{"line":32,"column":23}}]},"8":{"loc":{"start":{"line":32,"column":8},"end":{"line":32,"column":21}},"type":"cond-expr","locations":[{"start":{"line":32,"column":11},"end":{"line":32,"column":13}},{"start":{"line":32,"column":8},"end":{"line":32,"column":21}}]},"9":{"loc":{"start":{"line":32,"column":8},"end":{"line":32,"column":13}},"type":"binary-expr","locations":[{"start":{"line":32,"column":8},"end":{"line":32,"column":13}},{"start":{"line":32,"column":8},"end":{"line":32,"column":13}}]}},"s":{"0":2,"1":2,"2":2,"3":3,"4":3,"5":2,"6":2,"7":2,"8":1,"9":0,"10":1,"11":1,"12":0,"13":2,"14":2},"f":{"0":3},"b":{"0":[0],"1":[0,1],"2":[1,1],"3":[0,1],"4":[1,1],"5":[1],"6":[0,1],"7":[1,1],"8":[0,1],"9":[1,1]}}
,"/home/harvmaster/Projects/Hashpass/v3/sdk/src/API/Users/deleteUser.ts": {"path":"/home/harvmaster/Projects/Hashpass/v3/sdk/src/API/Users/deleteUser.ts","statementMap":{"0":{"start":{"line":1,"column":0},"end":{"line":1,"column":58}},"1":{"start":{"line":5,"column":26},"end":{"line":29,"column":1}},"2":{"start":{"line":6,"column":45},"end":{"line":6,"column":47}},"3":{"start":{"line":7,"column":2},"end":{"line":7,"column":null}},"4":{"start":{"line":7,"column":20},"end":{"line":7,"column":null}},"5":{"start":{"line":9,"column":2},"end":{"line":28,"column":3}},"6":{"start":{"line":10,"column":17},"end":{"line":12,"column":6}},"7":{"start":{"line":14,"column":4},"end":{"line":14,"column":null}},"8":{"start":{"line":17,"column":4},"end":{"line":19,"column":5}},"9":{"start":{"line":18,"column":6},"end":{"line":18,"column":null}},"10":{"start":{"line":20,"column":4},"end":{"line":22,"column":5}},"11":{"start":{"line":21,"column":6},"end":{"line":21,"column":null}},"12":{"start":{"line":23,"column":4},"end":{"line":25,"column":5}},"13":{"start":{"line":24,"column":6},"end":{"line":24,"column":null}},"14":{"start":{"line":27,"column":4},"end":{"line":27,"column":null}},"15":{"start":{"line":5,"column":13},"end":{"line":5,"column":26}},"16":{"start":{"line":31,"column":0},"end":{"line":31,"column":null}}},"fnMap":{"0":{"name":"(anonymous_0)","decl":{"start":{"line":5,"column":26},"end":{"line":5,"column":31}},"loc":{"start":{"line":5,"column":58},"end":{"line":29,"column":1}}}},"branchMap":{"0":{"loc":{"start":{"line":7,"column":2},"end":{"line":7,"column":null}},"type":"if","locations":[{"start":{"line":7,"column":2},"end":{"line":7,"column":null}}]},"1":{"loc":{"start":{"line":17,"column":4},"end":{"line":19,"column":5}},"type":"if","locations":[{"start":{"line":17,"column":4},"end":{"line":19,"column":5}}]},"2":{"loc":{"start":{"line":17,"column":8},"end":{"line":17,"column":29}},"type":"cond-expr","locations":[{"start":{"line":17,"column":21},"end":{"line":17,"column":23}},{"start":{"line":17,"column":21},"end":{"line":17,"column":29}}]},"3":{"loc":{"start":{"line":17,"column":8},"end":{"line":17,"column":23}},"type":"binary-expr","locations":[{"start":{"line":17,"column":8},"end":{"line":17,"column":23}},{"start":{"line":17,"column":21},"end":{"line":17,"column":23}}]},"4":{"loc":{"start":{"line":17,"column":8},"end":{"line":17,"column":21}},"type":"cond-expr","locations":[{"start":{"line":17,"column":11},"end":{"line":17,"column":13}},{"start":{"line":17,"column":8},"end":{"line":17,"column":21}}]},"5":{"loc":{"start":{"line":17,"column":8},"end":{"line":17,"column":13}},"type":"binary-expr","locations":[{"start":{"line":17,"column":8},"end":{"line":17,"column":13}},{"start":{"line":17,"column":8},"end":{"line":17,"column":13}}]},"6":{"loc":{"start":{"line":20,"column":4},"end":{"line":22,"column":5}},"type":"if","locations":[{"start":{"line":20,"column":4},"end":{"line":22,"column":5}}]},"7":{"loc":{"start":{"line":20,"column":8},"end":{"line":20,"column":29}},"type":"cond-expr","locations":[{"start":{"line":20,"column":21},"end":{"line":20,"column":23}},{"start":{"line":20,"column":21},"end":{"line":20,"column":29}}]},"8":{"loc":{"start":{"line":20,"column":8},"end":{"line":20,"column":23}},"type":"binary-expr","locations":[{"start":{"line":20,"column":8},"end":{"line":20,"column":23}},{"start":{"line":20,"column":21},"end":{"line":20,"column":23}}]},"9":{"loc":{"start":{"line":20,"column":8},"end":{"line":20,"column":21}},"type":"cond-expr","locations":[{"start":{"line":20,"column":11},"end":{"line":20,"column":13}},{"start":{"line":20,"column":8},"end":{"line":20,"column":21}}]},"10":{"loc":{"start":{"line":20,"column":8},"end":{"line":20,"column":13}},"type":"binary-expr","locations":[{"start":{"line":20,"column":8},"end":{"line":20,"column":13}},{"start":{"line":20,"column":8},"end":{"line":20,"column":13}}]},"11":{"loc":{"start":{"line":23,"column":4},"end":{"line":25,"column":5}},"type":"if","locations":[{"start":{"line":23,"column":4},"end":{"line":25,"column":5}}]},"12":{"loc":{"start":{"line":23,"column":8},"end":{"line":23,"column":29}},"type":"cond-expr","locations":[{"start":{"line":23,"column":21},"end":{"line":23,"column":23}},{"start":{"line":23,"column":21},"end":{"line":23,"column":29}}]},"13":{"loc":{"start":{"line":23,"column":8},"end":{"line":23,"column":23}},"type":"binary-expr","locations":[{"start":{"line":23,"column":8},"end":{"line":23,"column":23}},{"start":{"line":23,"column":21},"end":{"line":23,"column":23}}]},"14":{"loc":{"start":{"line":23,"column":8},"end":{"line":23,"column":21}},"type":"cond-expr","locations":[{"start":{"line":23,"column":11},"end":{"line":23,"column":13}},{"start":{"line":23,"column":8},"end":{"line":23,"column":21}}]},"15":{"loc":{"start":{"line":23,"column":8},"end":{"line":23,"column":13}},"type":"binary-expr","locations":[{"start":{"line":23,"column":8},"end":{"line":23,"column":13}},{"start":{"line":23,"column":8},"end":{"line":23,"column":13}}]}},"s":{"0":2,"1":2,"2":3,"3":3,"4":3,"5":3,"6":3,"7":2,"8":1,"9":1,"10":0,"11":0,"12":0,"13":0,"14":0,"15":2,"16":2},"f":{"0":3},"b":{"0":[3],"1":[1],"2":[0,1],"3":[1,1],"4":[0,1],"5":[1,1],"6":[0],"7":[0,0],"8":[0,0],"9":[0,0],"10":[0,0],"11":[0],"12":[0,0],"13":[0,0],"14":[0,0],"15":[0,0]}}
,"/home/harvmaster/Projects/Hashpass/v3/sdk/src/API/Users/getUser.ts": {"path":"/home/harvmaster/Projects/Hashpass/v3/sdk/src/API/Users/getUser.ts","statementMap":{"0":{"start":{"line":1,"column":0},"end":{"line":1,"column":59}},"1":{"start":{"line":5,"column":23},"end":{"line":29,"column":1}},"2":{"start":{"line":6,"column":45},"end":{"line":6,"column":47}},"3":{"start":{"line":7,"column":2},"end":{"line":7,"column":null}},"4":{"start":{"line":7,"column":20},"end":{"line":7,"column":null}},"5":{"start":{"line":9,"column":2},"end":{"line":28,"column":3}},"6":{"start":{"line":10,"column":17},"end":{"line":12,"column":6}},"7":{"start":{"line":14,"column":4},"end":{"line":14,"column":null}},"8":{"start":{"line":17,"column":4},"end":{"line":19,"column":5}},"9":{"start":{"line":18,"column":6},"end":{"line":18,"column":null}},"10":{"start":{"line":20,"column":4},"end":{"line":22,"column":5}},"11":{"start":{"line":21,"column":6},"end":{"line":21,"column":null}},"12":{"start":{"line":23,"column":4},"end":{"line":25,"column":5}},"13":{"start":{"line":24,"column":6},"end":{"line":24,"column":null}},"14":{"start":{"line":27,"column":4},"end":{"line":27,"column":null}},"15":{"start":{"line":5,"column":13},"end":{"line":5,"column":23}},"16":{"start":{"line":31,"column":0},"end":{"line":31,"column":null}}},"fnMap":{"0":{"name":"(anonymous_0)","decl":{"start":{"line":5,"column":23},"end":{"line":5,"column":28}},"loc":{"start":{"line":5,"column":56},"end":{"line":29,"column":1}}}},"branchMap":{"0":{"loc":{"start":{"line":7,"column":2},"end":{"line":7,"column":null}},"type":"if","locations":[{"start":{"line":7,"column":2},"end":{"line":7,"column":null}}]},"1":{"loc":{"start":{"line":17,"column":4},"end":{"line":19,"column":5}},"type":"if","locations":[{"start":{"line":17,"column":4},"end":{"line":19,"column":5}}]},"2":{"loc":{"start":{"line":17,"column":8},"end":{"line":17,"column":29}},"type":"cond-expr","locations":[{"start":{"line":17,"column":21},"end":{"line":17,"column":23}},{"start":{"line":17,"column":21},"end":{"line":17,"column":29}}]},"3":{"loc":{"start":{"line":17,"column":8},"end":{"line":17,"column":23}},"type":"binary-expr","locations":[{"start":{"line":17,"column":8},"end":{"line":17,"column":23}},{"start":{"line":17,"column":21},"end":{"line":17,"column":23}}]},"4":{"loc":{"start":{"line":17,"column":8},"end":{"line":17,"column":21}},"type":"cond-expr","locations":[{"start":{"line":17,"column":11},"end":{"line":17,"column":13}},{"start":{"line":17,"column":8},"end":{"line":17,"column":21}}]},"5":{"loc":{"start":{"line":17,"column":8},"end":{"line":17,"column":13}},"type":"binary-expr","locations":[{"start":{"line":17,"column":8},"end":{"line":17,"column":13}},{"start":{"line":17,"column":8},"end":{"line":17,"column":13}}]},"6":{"loc":{"start":{"line":20,"column":4},"end":{"line":22,"column":5}},"type":"if","locations":[{"start":{"line":20,"column":4},"end":{"line":22,"column":5}}]},"7":{"loc":{"start":{"line":20,"column":8},"end":{"line":20,"column":29}},"type":"cond-expr","locations":[{"start":{"line":20,"column":21},"end":{"line":20,"column":23}},{"start":{"line":20,"column":21},"end":{"line":20,"column":29}}]},"8":{"loc":{"start":{"line":20,"column":8},"end":{"line":20,"column":23}},"type":"binary-expr","locations":[{"start":{"line":20,"column":8},"end":{"line":20,"column":23}},{"start":{"line":20,"column":21},"end":{"line":20,"column":23}}]},"9":{"loc":{"start":{"line":20,"column":8},"end":{"line":20,"column":21}},"type":"cond-expr","locations":[{"start":{"line":20,"column":11},"end":{"line":20,"column":13}},{"start":{"line":20,"column":8},"end":{"line":20,"column":21}}]},"10":{"loc":{"start":{"line":20,"column":8},"end":{"line":20,"column":13}},"type":"binary-expr","locations":[{"start":{"line":20,"column":8},"end":{"line":20,"column":13}},{"start":{"line":20,"column":8},"end":{"line":20,"column":13}}]},"11":{"loc":{"start":{"line":23,"column":4},"end":{"line":25,"column":5}},"type":"if","locations":[{"start":{"line":23,"column":4},"end":{"line":25,"column":5}}]},"12":{"loc":{"start":{"line":23,"column":8},"end":{"line":23,"column":29}},"type":"cond-expr","locations":[{"start":{"line":23,"column":21},"end":{"line":23,"column":23}},{"start":{"line":23,"column":21},"end":{"line":23,"column":29}}]},"13":{"loc":{"start":{"line":23,"column":8},"end":{"line":23,"column":23}},"type":"binary-expr","locations":[{"start":{"line":23,"column":8},"end":{"line":23,"column":23}},{"start":{"line":23,"column":21},"end":{"line":23,"column":23}}]},"14":{"loc":{"start":{"line":23,"column":8},"end":{"line":23,"column":21}},"type":"cond-expr","locations":[{"start":{"line":23,"column":11},"end":{"line":23,"column":13}},{"start":{"line":23,"column":8},"end":{"line":23,"column":21}}]},"15":{"loc":{"start":{"line":23,"column":8},"end":{"line":23,"column":13}},"type":"binary-expr","locations":[{"start":{"line":23,"column":8},"end":{"line":23,"column":13}},{"start":{"line":23,"column":8},"end":{"line":23,"column":13}}]}},"s":{"0":2,"1":2,"2":2,"3":2,"4":2,"5":2,"6":2,"7":1,"8":1,"9":1,"10":0,"11":0,"12":0,"13":0,"14":0,"15":2,"16":2},"f":{"0":2},"b":{"0":[2],"1":[1],"2":[0,1],"3":[1,1],"4":[0,1],"5":[1,1],"6":[0],"7":[0,0],"8":[0,0],"9":[0,0],"10":[0,0],"11":[0],"12":[0,0],"13":[0,0],"14":[0,0],"15":[0,0]}}
,"/home/harvmaster/Projects/Hashpass/v3/sdk/src/API/Users/index.ts": {"path":"/home/harvmaster/Projects/Hashpass/v3/sdk/src/API/Users/index.ts","statementMap":{"0":{"start":{"line":1,"column":0},"end":{"line":1,"column":9}},"1":{"start":{"line":1,"column":9},"end":{"line":1,"column":30}},"2":{"start":{"line":2,"column":0},"end":{"line":2,"column":9}},"3":{"start":{"line":2,"column":9},"end":{"line":2,"column":30}},"4":{"start":{"line":3,"column":0},"end":{"line":3,"column":9}},"5":{"start":{"line":3,"column":9},"end":{"line":3,"column":27}},"6":{"start":{"line":4,"column":0},"end":{"line":4,"column":9}},"7":{"start":{"line":4,"column":9},"end":{"line":4,"column":25}},"8":{"start":{"line":5,"column":0},"end":{"line":5,"column":9}},"9":{"start":{"line":5,"column":9},"end":{"line":5,"column":38}}},"fnMap":{"0":{"name":"(anonymous_0)","decl":{"start":{"line":1,"column":9},"end":{"line":1,"column":16}},"loc":{"start":{"line":1,"column":9},"end":{"line":1,"column":30}}},"1":{"name":"(anonymous_1)","decl":{"start":{"line":2,"column":9},"end":{"line":2,"column":16}},"loc":{"start":{"line":2,"column":9},"end":{"line":2,"column":30}}},"2":{"name":"(anonymous_2)","decl":{"start":{"line":3,"column":9},"end":{"line":3,"column":16}},"loc":{"start":{"line":3,"column":9},"end":{"line":3,"column":27}}},"3":{"name":"(anonymous_3)","decl":{"start":{"line":4,"column":9},"end":{"line":4,"column":16}},"loc":{"start":{"line":4,"column":9},"end":{"line":4,"column":25}}},"4":{"name":"(anonymous_4)","decl":{"start":{"line":5,"column":9},"end":{"line":5,"column":16}},"loc":{"start":{"line":5,"column":9},"end":{"line":5,"column":38}}}},"branchMap":{},"s":{"0":2,"1":5,"2":2,"3":5,"4":2,"5":4,"6":2,"7":9,"8":2,"9":3},"f":{"0":3,"1":3,"2":2,"3":7,"4":1},"b":{}}
,"/home/harvmaster/Projects/Hashpass/v3/sdk/src/API/Users/login.ts": {"path":"/home/harvmaster/Projects/Hashpass/v3/sdk/src/API/Users/login.ts","statementMap":{"0":{"start":{"line":1,"column":0},"end":{"line":1,"column":42}},"1":{"start":{"line":2,"column":0},"end":{"line":2,"column":43}},"2":{"start":{"line":13,"column":21},"end":{"line":38,"column":1}},"3":{"start":{"line":14,"column":2},"end":{"line":37,"column":3}},"4":{"start":{"line":15,"column":17},"end":{"line":18,"column":6}},"5":{"start":{"line":20,"column":69},"end":{"line":20,"column":73}},"6":{"start":{"line":21,"column":22},"end":{"line":21,"column":68}},"7":{"start":{"line":23,"column":4},"end":{"line":26,"column":null}},"8":{"start":{"line":29,"column":4},"end":{"line":31,"column":5}},"9":{"start":{"line":30,"column":6},"end":{"line":30,"column":null}},"10":{"start":{"line":32,"column":4},"end":{"line":34,"column":5}},"11":{"start":{"line":33,"column":6},"end":{"line":33,"column":null}},"12":{"start":{"line":36,"column":4},"end":{"line":36,"column":null}},"13":{"start":{"line":13,"column":13},"end":{"line":13,"column":21}},"14":{"start":{"line":40,"column":0},"end":{"line":40,"column":null}}},"fnMap":{"0":{"name":"(anonymous_0)","decl":{"start":{"line":13,"column":21},"end":{"line":13,"column":26}},"loc":{"start":{"line":13,"column":66},"end":{"line":38,"column":1}}}},"branchMap":{"0":{"loc":{"start":{"line":29,"column":4},"end":{"line":31,"column":5}},"type":"if","locations":[{"start":{"line":29,"column":4},"end":{"line":31,"column":5}}]},"1":{"loc":{"start":{"line":29,"column":8},"end":{"line":29,"column":29}},"type":"cond-expr","locations":[{"start":{"line":29,"column":21},"end":{"line":29,"column":23}},{"start":{"line":29,"column":21},"end":{"line":29,"column":29}}]},"2":{"loc":{"start":{"line":29,"column":8},"end":{"line":29,"column":23}},"type":"binary-expr","locations":[{"start":{"line":29,"column":8},"end":{"line":29,"column":23}},{"start":{"line":29,"column":21},"end":{"line":29,"column":23}}]},"3":{"loc":{"start":{"line":29,"column":8},"end":{"line":29,"column":21}},"type":"cond-expr","locations":[{"start":{"line":29,"column":11},"end":{"line":29,"column":13}},{"start":{"line":29,"column":8},"end":{"line":29,"column":21}}]},"4":{"loc":{"start":{"line":29,"column":8},"end":{"line":29,"column":13}},"type":"binary-expr","locations":[{"start":{"line":29,"column":8},"end":{"line":29,"column":13}},{"start":{"line":29,"column":8},"end":{"line":29,"column":13}}]},"5":{"loc":{"start":{"line":32,"column":4},"end":{"line":34,"column":5}},"type":"if","locations":[{"start":{"line":32,"column":4},"end":{"line":34,"column":5}}]},"6":{"loc":{"start":{"line":32,"column":8},"end":{"line":32,"column":29}},"type":"cond-expr","locations":[{"start":{"line":32,"column":21},"end":{"line":32,"column":23}},{"start":{"line":32,"column":21},"end":{"line":32,"column":29}}]},"7":{"loc":{"start":{"line":32,"column":8},"end":{"line":32,"column":23}},"type":"binary-expr","locations":[{"start":{"line":32,"column":8},"end":{"line":32,"column":23}},{"start":{"line":32,"column":21},"end":{"line":32,"column":23}}]},"8":{"loc":{"start":{"line":32,"column":8},"end":{"line":32,"column":21}},"type":"cond-expr","locations":[{"start":{"line":32,"column":11},"end":{"line":32,"column":13}},{"start":{"line":32,"column":8},"end":{"line":32,"column":21}}]},"9":{"loc":{"start":{"line":32,"column":8},"end":{"line":32,"column":13}},"type":"binary-expr","locations":[{"start":{"line":32,"column":8},"end":{"line":32,"column":13}},{"start":{"line":32,"column":8},"end":{"line":32,"column":13}}]}},"s":{"0":2,"1":2,"2":2,"3":7,"4":7,"5":5,"6":5,"7":5,"8":2,"9":0,"10":2,"11":2,"12":0,"13":2,"14":2},"f":{"0":7},"b":{"0":[0],"1":[0,2],"2":[2,2],"3":[0,2],"4":[2,2],"5":[2],"6":[0,2],"7":[2,2],"8":[0,2],"9":[2,2]}}
,"/home/harvmaster/Projects/Hashpass/v3/sdk/src/API/Users/refreshAccessToken.ts": {"path":"/home/harvmaster/Projects/Hashpass/v3/sdk/src/API/Users/refreshAccessToken.ts","statementMap":{"0":{"start":{"line":1,"column":0},"end":{"line":1,"column":43}},"1":{"start":{"line":5,"column":34},"end":{"line":23,"column":1}},"2":{"start":{"line":6,"column":2},"end":{"line":22,"column":3}},"3":{"start":{"line":7,"column":17},"end":{"line":9,"column":6}},"4":{"start":{"line":11,"column":4},"end":{"line":11,"column":null}},"5":{"start":{"line":14,"column":4},"end":{"line":16,"column":5}},"6":{"start":{"line":15,"column":6},"end":{"line":15,"column":null}},"7":{"start":{"line":17,"column":4},"end":{"line":19,"column":5}},"8":{"start":{"line":18,"column":6},"end":{"line":18,"column":null}},"9":{"start":{"line":21,"column":4},"end":{"line":21,"column":null}},"10":{"start":{"line":5,"column":13},"end":{"line":5,"column":34}},"11":{"start":{"line":25,"column":0},"end":{"line":25,"column":null}}},"fnMap":{"0":{"name":"(anonymous_0)","decl":{"start":{"line":5,"column":34},"end":{"line":5,"column":39}},"loc":{"start":{"line":5,"column":66},"end":{"line":23,"column":1}}}},"branchMap":{"0":{"loc":{"start":{"line":14,"column":4},"end":{"line":16,"column":5}},"type":"if","locations":[{"start":{"line":14,"column":4},"end":{"line":16,"column":5}}]},"1":{"loc":{"start":{"line":14,"column":8},"end":{"line":14,"column":29}},"type":"cond-expr","locations":[{"start":{"line":14,"column":21},"end":{"line":14,"column":23}},{"start":{"line":14,"column":21},"end":{"line":14,"column":29}}]},"2":{"loc":{"start":{"line":14,"column":8},"end":{"line":14,"column":23}},"type":"binary-expr","locations":[{"start":{"line":14,"column":8},"end":{"line":14,"column":23}},{"start":{"line":14,"column":21},"end":{"line":14,"column":23}}]},"3":{"loc":{"start":{"line":14,"column":8},"end":{"line":14,"column":21}},"type":"cond-expr","locations":[{"start":{"line":14,"column":11},"end":{"line":14,"column":13}},{"start":{"line":14,"column":8},"end":{"line":14,"column":21}}]},"4":{"loc":{"start":{"line":14,"column":8},"end":{"line":14,"column":13}},"type":"binary-expr","locations":[{"start":{"line":14,"column":8},"end":{"line":14,"column":13}},{"start":{"line":14,"column":8},"end":{"line":14,"column":13}}]},"5":{"loc":{"start":{"line":17,"column":4},"end":{"line":19,"column":5}},"type":"if","locations":[{"start":{"line":17,"column":4},"end":{"line":19,"column":5}}]},"6":{"loc":{"start":{"line":17,"column":8},"end":{"line":17,"column":29}},"type":"cond-expr","locations":[{"start":{"line":17,"column":21},"end":{"line":17,"column":23}},{"start":{"line":17,"column":21},"end":{"line":17,"column":29}}]},"7":{"loc":{"start":{"line":17,"column":8},"end":{"line":17,"column":23}},"type":"binary-expr","locations":[{"start":{"line":17,"column":8},"end":{"line":17,"column":23}},{"start":{"line":17,"column":21},"end":{"line":17,"column":23}}]},"8":{"loc":{"start":{"line":17,"column":8},"end":{"line":17,"column":21}},"type":"cond-expr","locations":[{"start":{"line":17,"column":11},"end":{"line":17,"column":13}},{"start":{"line":17,"column":8},"end":{"line":17,"column":21}}]},"9":{"loc":{"start":{"line":17,"column":8},"end":{"line":17,"column":13}},"type":"binary-expr","locations":[{"start":{"line":17,"column":8},"end":{"line":17,"column":13}},{"start":{"line":17,"column":8},"end":{"line":17,"column":13}}]}},"s":{"0":2,"1":2,"2":1,"3":1,"4":1,"5":0,"6":0,"7":0,"8":0,"9":0,"10":2,"11":2},"f":{"0":1},"b":{"0":[0],"1":[0,0],"2":[0,0],"3":[0,0],"4":[0,0],"5":[0],"6":[0,0],"7":[0,0],"8":[0,0],"9":[0,0]}}
,"/home/harvmaster/Projects/Hashpass/v3/sdk/src/Crypto/getCrypto.ts": {"path":"/home/harvmaster/Projects/Hashpass/v3/sdk/src/Crypto/getCrypto.ts","statementMap":{"0":{"start":{"line":6,"column":18},"end":{"line":30,"column":1}},"1":{"start":{"line":8,"column":2},"end":{"line":28,"column":3}},"2":{"start":{"line":9,"column":4},"end":{"line":11,"column":20}},"3":{"start":{"line":10,"column":6},"end":{"line":10,"column":null}},"4":{"start":{"line":10,"column":19},"end":{"line":10,"column":null}},"5":{"start":{"line":13,"column":4},"end":{"line":21,"column":20}},"6":{"start":{"line":14,"column":6},"end":{"line":20,"column":7}},"7":{"start":{"line":15,"column":27},"end":{"line":15,"column":49}},"8":{"start":{"line":16,"column":8},"end":{"line":16,"column":null}},"9":{"start":{"line":16,"column":35},"end":{"line":16,"column":null}},"10":{"start":{"line":17,"column":8},"end":{"line":19,"column":null}},"11":{"start":{"line":23,"column":4},"end":{"line":25,"column":20}},"12":{"start":{"line":24,"column":6},"end":{"line":24,"column":null}},"13":{"start":{"line":24,"column":19},"end":{"line":24,"column":null}},"14":{"start":{"line":27,"column":4},"end":{"line":27,"column":null}},"15":{"start":{"line":29,"column":2},"end":{"line":29,"column":null}},"16":{"start":{"line":32,"column":0},"end":{"line":32,"column":null}}},"fnMap":{"0":{"name":"(anonymous_0)","decl":{"start":{"line":6,"column":18},"end":{"line":6,"column":23}},"loc":{"start":{"line":6,"column":29},"end":{"line":30,"column":1}}},"1":{"name":"(anonymous_1)","decl":{"start":{"line":15,"column":27},"end":{"line":15,"column":40}},"loc":{"start":{"line":15,"column":27},"end":{"line":15,"column":49}}}},"branchMap":{"0":{"loc":{"start":{"line":10,"column":6},"end":{"line":10,"column":null}},"type":"if","locations":[{"start":{"line":10,"column":6},"end":{"line":10,"column":null}}]},"1":{"loc":{"start":{"line":14,"column":6},"end":{"line":20,"column":7}},"type":"if","locations":[{"start":{"line":14,"column":6},"end":{"line":20,"column":7}}]},"2":{"loc":{"start":{"line":16,"column":8},"end":{"line":16,"column":null}},"type":"if","locations":[{"start":{"line":16,"column":8},"end":{"line":16,"column":null}}]},"3":{"loc":{"start":{"line":24,"column":6},"end":{"line":24,"column":null}},"type":"if","locations":[{"start":{"line":24,"column":6},"end":{"line":24,"column":null}}]}},"s":{"0":2,"1":44,"2":44,"3":44,"4":44,"5":44,"6":44,"7":88,"8":44,"9":0,"10":44,"11":44,"12":44,"13":0,"14":0,"15":44,"16":2},"f":{"0":44,"1":44},"b":{"0":[44],"1":[44],"2":[0],"3":[0]}}
,"/home/harvmaster/Projects/Hashpass/v3/sdk/src/Crypto/Encodings/hexToBase58.ts": {"path":"/home/harvmaster/Projects/Hashpass/v3/sdk/src/Crypto/Encodings/hexToBase58.ts","statementMap":{"0":{"start":{"line":1,"column":17},"end":{"line":1,"column":77}},"1":{"start":{"line":2,"column":48},"end":{"line":2,"column":50}},"2":{"start":{"line":4,"column":13},"end":{"line":4,"column":15}},"3":{"start":{"line":7,"column":0},"end":{"line":9,"column":1}},"4":{"start":{"line":7,"column":13},"end":{"line":7,"column":14}},"5":{"start":{"line":8,"column":2},"end":{"line":8,"column":39}},"6":{"start":{"line":12,"column":4},"end":{"line":14,"column":5}},"7":{"start":{"line":13,"column":8},"end":{"line":13,"column":57}},"8":{"start":{"line":16,"column":18},"end":{"line":16,"column":48}},"9":{"start":{"line":17,"column":4},"end":{"line":19,"column":5}},"10":{"start":{"line":17,"column":17},"end":{"line":17,"column":18}},"11":{"start":{"line":18,"column":8},"end":{"line":18,"column":54}},"12":{"start":{"line":21,"column":19},"end":{"line":21,"column":22}},"13":{"start":{"line":22,"column":4},"end":{"line":41,"column":5}},"14":{"start":{"line":22,"column":17},"end":{"line":22,"column":18}},"15":{"start":{"line":23,"column":8},"end":{"line":25,"column":9}},"16":{"start":{"line":23,"column":21},"end":{"line":23,"column":22}},"17":{"start":{"line":24,"column":12},"end":{"line":24,"column":28}},"18":{"start":{"line":27,"column":8},"end":{"line":27,"column":30}},"19":{"start":{"line":29,"column":20},"end":{"line":29,"column":21}},"20":{"start":{"line":30,"column":8},"end":{"line":35,"column":9}},"21":{"start":{"line":30,"column":21},"end":{"line":30,"column":22}},"22":{"start":{"line":31,"column":12},"end":{"line":31,"column":31}},"23":{"start":{"line":33,"column":12},"end":{"line":33,"column":43}},"24":{"start":{"line":34,"column":12},"end":{"line":34,"column":30}},"25":{"start":{"line":37,"column":8},"end":{"line":40,"column":9}},"26":{"start":{"line":38,"column":12},"end":{"line":38,"column":38}},"27":{"start":{"line":39,"column":12},"end":{"line":39,"column":39}},"28":{"start":{"line":43,"column":17},"end":{"line":43,"column":19}},"29":{"start":{"line":44,"column":4},"end":{"line":47,"column":5}},"30":{"start":{"line":44,"column":17},"end":{"line":44,"column":18}},"31":{"start":{"line":45,"column":8},"end":{"line":45,"column":34}},"32":{"start":{"line":45,"column":28},"end":{"line":45,"column":34}},"33":{"start":{"line":46,"column":8},"end":{"line":46,"column":30}},"34":{"start":{"line":49,"column":4},"end":{"line":49,"column":68}},"35":{"start":{"line":49,"column":46},"end":{"line":49,"column":57}},"36":{"start":{"line":11,"column":0},"end":{"line":11,"column":16}},"37":{"start":{"line":52,"column":0},"end":{"line":52,"column":27}}},"fnMap":{"0":{"name":"hexToBase58","decl":{"start":{"line":11,"column":16},"end":{"line":11,"column":27}},"loc":{"start":{"line":11,"column":39},"end":{"line":50,"column":1}}},"1":{"name":"(anonymous_1)","decl":{"start":{"line":49,"column":41},"end":{"line":49,"column":42}},"loc":{"start":{"line":49,"column":46},"end":{"line":49,"column":57}}}},"branchMap":{"0":{"loc":{"start":{"line":12,"column":4},"end":{"line":14,"column":5}},"type":"if","locations":[{"start":{"line":12,"column":4},"end":{"line":14,"column":5}}]},"1":{"loc":{"start":{"line":45,"column":8},"end":{"line":45,"column":34}},"type":"if","locations":[{"start":{"line":45,"column":8},"end":{"line":45,"column":34}}]}},"s":{"0":2,"1":2,"2":2,"3":2,"4":2,"5":116,"6":3,"7":1,"8":2,"9":2,"10":2,"11":64,"12":2,"13":2,"14":2,"15":64,"16":64,"17":1376,"18":64,"19":64,"20":64,"21":64,"22":1376,"23":1376,"24":1376,"25":64,"26":86,"27":86,"28":2,"29":2,"30":2,"31":2,"32":2,"33":0,"34":2,"35":88,"36":2,"37":2},"f":{"0":3,"1":88},"b":{"0":[1],"1":[2]}}
,"/home/harvmaster/Projects/Hashpass/v3/sdk/src/Crypto/Encodings/index.ts": {"path":"/home/harvmaster/Projects/Hashpass/v3/sdk/src/Crypto/Encodings/index.ts","statementMap":{"0":{"start":{"line":1,"column":0},"end":{"line":1,"column":9}},"1":{"start":{"line":1,"column":9},"end":{"line":1,"column":31}}},"fnMap":{"0":{"name":"(anonymous_0)","decl":{"start":{"line":1,"column":9},"end":{"line":1,"column":16}},"loc":{"start":{"line":1,"column":9},"end":{"line":1,"column":31}}}},"branchMap":{},"s":{"0":2,"1":5},"f":{"0":3},"b":{}}
,"/home/harvmaster/Projects/Hashpass/v3/sdk/src/Crypto/Encryption/aesKey.ts": {"path":"/home/harvmaster/Projects/Hashpass/v3/sdk/src/Crypto/Encryption/aesKey.ts","statementMap":{"0":{"start":{"line":1,"column":0},"end":{"line":1,"column":36}},"1":{"start":{"line":7,"column":4},"end":{"line":7,"column":null}},"2":{"start":{"line":11,"column":19},"end":{"line":11,"column":36}},"3":{"start":{"line":12,"column":4},"end":{"line":12,"column":null}},"4":{"start":{"line":12,"column":17},"end":{"line":12,"column":null}},"5":{"start":{"line":15,"column":15},"end":{"line":15,"column":64}},"6":{"start":{"line":16,"column":22},"end":{"line":22,"column":null}},"7":{"start":{"line":24,"column":27},"end":{"line":24,"column":52}},"8":{"start":{"line":25,"column":21},"end":{"line":25,"column":70}},"9":{"start":{"line":27,"column":4},"end":{"line":27,"column":null}},"10":{"start":{"line":28,"column":4},"end":{"line":28,"column":null}},"11":{"start":{"line":30,"column":4},"end":{"line":30,"column":null}},"12":{"start":{"line":34,"column":15},"end":{"line":34,"column":32}},"13":{"start":{"line":35,"column":22},"end":{"line":35,"column":36}},"14":{"start":{"line":37,"column":19},"end":{"line":37,"column":36}},"15":{"start":{"line":38,"column":4},"end":{"line":38,"column":null}},"16":{"start":{"line":38,"column":17},"end":{"line":38,"column":null}},"17":{"start":{"line":40,"column":22},"end":{"line":46,"column":null}},"18":{"start":{"line":48,"column":4},"end":{"line":48,"column":null}},"19":{"start":{"line":3,"column":0},"end":{"line":3,"column":13}},"20":{"start":{"line":52,"column":0},"end":{"line":52,"column":null}}},"fnMap":{"0":{"name":"(anonymous_0)","decl":{"start":{"line":6,"column":2},"end":{"line":6,"column":14}},"loc":{"start":{"line":6,"column":28},"end":{"line":8,"column":3}}},"1":{"name":"(anonymous_1)","decl":{"start":{"line":10,"column":2},"end":{"line":10,"column":7}},"loc":{"start":{"line":10,"column":28},"end":{"line":31,"column":3}}},"2":{"name":"(anonymous_2)","decl":{"start":{"line":33,"column":2},"end":{"line":33,"column":7}},"loc":{"start":{"line":33,"column":32},"end":{"line":49,"column":3}}}},"branchMap":{"0":{"loc":{"start":{"line":12,"column":4},"end":{"line":12,"column":null}},"type":"if","locations":[{"start":{"line":12,"column":4},"end":{"line":12,"column":null}}]},"1":{"loc":{"start":{"line":38,"column":4},"end":{"line":38,"column":null}},"type":"if","locations":[{"start":{"line":38,"column":4},"end":{"line":38,"column":null}}]}},"s":{"0":2,"1":21,"2":15,"3":15,"4":0,"5":15,"6":15,"7":15,"8":15,"9":15,"10":15,"11":15,"12":7,"13":7,"14":7,"15":7,"16":0,"17":7,"18":5,"19":2,"20":2},"f":{"0":21,"1":15,"2":7},"b":{"0":[0],"1":[0]}}
,"/home/harvmaster/Projects/Hashpass/v3/sdk/src/Crypto/Encryption/decrypt.ts": {"path":"/home/harvmaster/Projects/Hashpass/v3/sdk/src/Crypto/Encryption/decrypt.ts","statementMap":{"0":{"start":{"line":1,"column":0},"end":{"line":1,"column":31}},"1":{"start":{"line":3,"column":23},"end":{"line":8,"column":1}},"2":{"start":{"line":4,"column":14},"end":{"line":4,"column":36}},"3":{"start":{"line":5,"column":22},"end":{"line":5,"column":71}},"4":{"start":{"line":5,"column":55},"end":{"line":5,"column":70}},"5":{"start":{"line":6,"column":20},"end":{"line":6,"column":50}},"6":{"start":{"line":7,"column":2},"end":{"line":7,"column":null}},"7":{"start":{"line":3,"column":13},"end":{"line":3,"column":23}},"8":{"start":{"line":10,"column":0},"end":{"line":10,"column":null}}},"fnMap":{"0":{"name":"(anonymous_0)","decl":{"start":{"line":3,"column":23},"end":{"line":3,"column":28}},"loc":{"start":{"line":3,"column":59},"end":{"line":8,"column":1}}},"1":{"name":"(anonymous_1)","decl":{"start":{"line":5,"column":50},"end":{"line":5,"column":51}},"loc":{"start":{"line":5,"column":55},"end":{"line":5,"column":70}}}},"branchMap":{},"s":{"0":2,"1":2,"2":7,"3":6,"4":167,"5":6,"6":4,"7":2,"8":2},"f":{"0":7,"1":167},"b":{}}
,"/home/harvmaster/Projects/Hashpass/v3/sdk/src/Crypto/Encryption/encrypt.ts": {"path":"/home/harvmaster/Projects/Hashpass/v3/sdk/src/Crypto/Encryption/encrypt.ts","statementMap":{"0":{"start":{"line":1,"column":0},"end":{"line":1,"column":31}},"1":{"start":{"line":3,"column":23},"end":{"line":8,"column":1}},"2":{"start":{"line":4,"column":14},"end":{"line":4,"column":36}},"3":{"start":{"line":5,"column":20},"end":{"line":5,"column":43}},"4":{"start":{"line":6,"column":23},"end":{"line":6,"column":78}},"5":{"start":{"line":7,"column":2},"end":{"line":7,"column":null}},"6":{"start":{"line":3,"column":13},"end":{"line":3,"column":23}},"7":{"start":{"line":10,"column":0},"end":{"line":10,"column":null}}},"fnMap":{"0":{"name":"(anonymous_0)","decl":{"start":{"line":3,"column":23},"end":{"line":3,"column":28}},"loc":{"start":{"line":3,"column":59},"end":{"line":8,"column":1}}}},"branchMap":{},"s":{"0":2,"1":2,"2":13,"3":13,"4":13,"5":13,"6":2,"7":2},"f":{"0":13},"b":{}}
,"/home/harvmaster/Projects/Hashpass/v3/sdk/src/Crypto/Encryption/generateAES.ts": {"path":"/home/harvmaster/Projects/Hashpass/v3/sdk/src/Crypto/Encryption/generateAES.ts","statementMap":{"0":{"start":{"line":2,"column":0},"end":{"line":2,"column":29}},"1":{"start":{"line":3,"column":0},"end":{"line":3,"column":36}},"2":{"start":{"line":5,"column":27},"end":{"line":35,"column":1}},"3":{"start":{"line":6,"column":19},"end":{"line":6,"column":23}},"4":{"start":{"line":7,"column":15},"end":{"line":7,"column":19}},"5":{"start":{"line":8,"column":21},"end":{"line":8,"column":26}},"6":{"start":{"line":9,"column":17},"end":{"line":9,"column":19}},"7":{"start":{"line":10,"column":17},"end":{"line":10,"column":26}},"8":{"start":{"line":12,"column":15},"end":{"line":12,"column":32}},"9":{"start":{"line":13,"column":2},"end":{"line":13,"column":null}},"10":{"start":{"line":13,"column":15},"end":{"line":13,"column":null}},"11":{"start":{"line":15,"column":14},"end":{"line":20,"column":null}},"12":{"start":{"line":22,"column":14},"end":{"line":32,"column":null}},"13":{"start":{"line":34,"column":2},"end":{"line":34,"column":null}},"14":{"start":{"line":5,"column":13},"end":{"line":5,"column":27}},"15":{"start":{"line":37,"column":0},"end":{"line":37,"column":null}}},"fnMap":{"0":{"name":"(anonymous_0)","decl":{"start":{"line":5,"column":27},"end":{"line":5,"column":32}},"loc":{"start":{"line":5,"column":67},"end":{"line":35,"column":1}}}},"branchMap":{"0":{"loc":{"start":{"line":13,"column":2},"end":{"line":13,"column":null}},"type":"if","locations":[{"start":{"line":13,"column":2},"end":{"line":13,"column":null}}]}},"s":{"0":2,"1":2,"2":2,"3":22,"4":22,"5":22,"6":22,"7":22,"8":22,"9":22,"10":0,"11":22,"12":22,"13":21,"14":2,"15":2},"f":{"0":22},"b":{"0":[0]}}
,"/home/harvmaster/Projects/Hashpass/v3/sdk/src/Crypto/Encryption/index.ts": {"path":"/home/harvmaster/Projects/Hashpass/v3/sdk/src/Crypto/Encryption/index.ts","statementMap":{"0":{"start":{"line":1,"column":0},"end":{"line":1,"column":9}},"1":{"start":{"line":1,"column":9},"end":{"line":1,"column":31}},"2":{"start":{"line":2,"column":0},"end":{"line":2,"column":9}},"3":{"start":{"line":2,"column":9},"end":{"line":2,"column":26}},"4":{"start":{"line":4,"column":0},"end":{"line":4,"column":9}},"5":{"start":{"line":4,"column":9},"end":{"line":4,"column":27}},"6":{"start":{"line":5,"column":0},"end":{"line":5,"column":9}},"7":{"start":{"line":5,"column":9},"end":{"line":5,"column":27}}},"fnMap":{"0":{"name":"(anonymous_0)","decl":{"start":{"line":1,"column":9},"end":{"line":1,"column":16}},"loc":{"start":{"line":1,"column":9},"end":{"line":1,"column":31}}},"1":{"name":"(anonymous_1)","decl":{"start":{"line":2,"column":9},"end":{"line":2,"column":16}},"loc":{"start":{"line":2,"column":9},"end":{"line":2,"column":26}}},"2":{"name":"(anonymous_2)","decl":{"start":{"line":4,"column":9},"end":{"line":4,"column":16}},"loc":{"start":{"line":4,"column":9},"end":{"line":4,"column":27}}},"3":{"name":"(anonymous_3)","decl":{"start":{"line":5,"column":9},"end":{"line":5,"column":16}},"loc":{"start":{"line":5,"column":9},"end":{"line":5,"column":27}}}},"branchMap":{},"s":{"0":2,"1":24,"2":2,"3":3,"4":2,"5":15,"6":2,"7":9},"f":{"0":22,"1":1,"2":13,"3":7},"b":{}}
,"/home/harvmaster/Projects/Hashpass/v3/sdk/src/Crypto/PasswordGenerators/algorithms.ts": {"path":"/home/harvmaster/Projects/Hashpass/v3/sdk/src/Crypto/PasswordGenerators/algorithms.ts","statementMap":{"0":{"start":{"line":7,"column":19},"end":{"line":11,"column":null}},"1":{"start":{"line":13,"column":0},"end":{"line":13,"column":null}}},"fnMap":{},"branchMap":{},"s":{"0":1,"1":1},"f":{},"b":{}}
,"/home/harvmaster/Projects/Hashpass/v3/sdk/src/Crypto/PasswordGenerators/generateBase58Password.ts": {"path":"/home/harvmaster/Projects/Hashpass/v3/sdk/src/Crypto/PasswordGenerators/generateBase58Password.ts","statementMap":{"0":{"start":{"line":1,"column":0},"end":{"line":1,"column":35}},"1":{"start":{"line":2,"column":0},"end":{"line":2,"column":43}},"2":{"start":{"line":5,"column":38},"end":{"line":33,"column":1}},"3":{"start":{"line":6,"column":2},"end":{"line":6,"column":null}},"4":{"start":{"line":6,"column":15},"end":{"line":6,"column":null}},"5":{"start":{"line":7,"column":2},"end":{"line":7,"column":null}},"6":{"start":{"line":7,"column":28},"end":{"line":7,"column":null}},"7":{"start":{"line":9,"column":17},"end":{"line":9,"column":39}},"8":{"start":{"line":11,"column":2},"end":{"line":13,"column":3}},"9":{"start":{"line":11,"column":15},"end":{"line":11,"column":16}},"10":{"start":{"line":12,"column":4},"end":{"line":12,"column":32}},"11":{"start":{"line":15,"column":2},"end":{"line":15,"column":null}},"12":{"start":{"line":18,"column":2},"end":{"line":18,"column":null}},"13":{"start":{"line":21,"column":2},"end":{"line":21,"column":null}},"14":{"start":{"line":24,"column":2},"end":{"line":24,"column":null}},"15":{"start":{"line":27,"column":2},"end":{"line":27,"column":null}},"16":{"start":{"line":30,"column":2},"end":{"line":30,"column":null}},"17":{"start":{"line":32,"column":2},"end":{"line":32,"column":null}},"18":{"start":{"line":5,"column":13},"end":{"line":5,"column":38}},"19":{"start":{"line":35,"column":0},"end":{"line":35,"column":null}}},"fnMap":{"0":{"name":"(anonymous_0)","decl":{"start":{"line":5,"column":38},"end":{"line":5,"column":39}},"loc":{"start":{"line":5,"column":74},"end":{"line":33,"column":1}}}},"branchMap":{"0":{"loc":{"start":{"line":6,"column":2},"end":{"line":6,"column":null}},"type":"if","locations":[{"start":{"line":6,"column":2},"end":{"line":6,"column":null}}]},"1":{"loc":{"start":{"line":7,"column":2},"end":{"line":7,"column":null}},"type":"if","locations":[{"start":{"line":7,"column":2},"end":{"line":7,"column":null}}]}},"s":{"0":1,"1":1,"2":1,"3":3,"4":1,"5":2,"6":1,"7":1,"8":1,"9":1,"10":65536,"11":1,"12":1,"13":1,"14":1,"15":1,"16":1,"17":1,"18":1,"19":1},"f":{"0":3},"b":{"0":[1],"1":[1]}}
,"/home/harvmaster/Projects/Hashpass/v3/sdk/src/Crypto/PasswordGenerators/generateHexPassword.ts": {"path":"/home/harvmaster/Projects/Hashpass/v3/sdk/src/Crypto/PasswordGenerators/generateHexPassword.ts","statementMap":{"0":{"start":{"line":1,"column":0},"end":{"line":1,"column":35}},"1":{"start":{"line":4,"column":35},"end":{"line":21,"column":1}},"2":{"start":{"line":5,"column":2},"end":{"line":5,"column":null}},"3":{"start":{"line":5,"column":15},"end":{"line":5,"column":null}},"4":{"start":{"line":6,"column":2},"end":{"line":6,"column":null}},"5":{"start":{"line":6,"column":16},"end":{"line":6,"column":null}},"6":{"start":{"line":8,"column":17},"end":{"line":8,"column":39}},"7":{"start":{"line":10,"column":2},"end":{"line":12,"column":3}},"8":{"start":{"line":10,"column":15},"end":{"line":10,"column":16}},"9":{"start":{"line":11,"column":4},"end":{"line":11,"column":32}},"10":{"start":{"line":14,"column":2},"end":{"line":14,"column":null}},"11":{"start":{"line":15,"column":2},"end":{"line":15,"column":null}},"12":{"start":{"line":16,"column":2},"end":{"line":16,"column":null}},"13":{"start":{"line":17,"column":2},"end":{"line":17,"column":null}},"14":{"start":{"line":18,"column":2},"end":{"line":18,"column":null}},"15":{"start":{"line":20,"column":2},"end":{"line":20,"column":null}},"16":{"start":{"line":4,"column":13},"end":{"line":4,"column":35}},"17":{"start":{"line":23,"column":0},"end":{"line":23,"column":null}}},"fnMap":{"0":{"name":"(anonymous_0)","decl":{"start":{"line":4,"column":35},"end":{"line":4,"column":36}},"loc":{"start":{"line":4,"column":71},"end":{"line":21,"column":1}}}},"branchMap":{"0":{"loc":{"start":{"line":5,"column":2},"end":{"line":5,"column":null}},"type":"if","locations":[{"start":{"line":5,"column":2},"end":{"line":5,"column":null}}]},"1":{"loc":{"start":{"line":6,"column":2},"end":{"line":6,"column":null}},"type":"if","locations":[{"start":{"line":6,"column":2},"end":{"line":6,"column":null}}]}},"s":{"0":1,"1":1,"2":3,"3":1,"4":2,"5":1,"6":1,"7":1,"8":1,"9":65536,"10":1,"11":1,"12":1,"13":1,"14":1,"15":1,"16":1,"17":1},"f":{"0":3},"b":{"0":[1],"1":[1]}}
,"/home/harvmaster/Projects/Hashpass/v3/sdk/src/Crypto/PasswordGenerators/generateLegacyPassword.ts": {"path":"/home/harvmaster/Projects/Hashpass/v3/sdk/src/Crypto/PasswordGenerators/generateLegacyPassword.ts","statementMap":{"0":{"start":{"line":1,"column":0},"end":{"line":1,"column":35}},"1":{"start":{"line":4,"column":38},"end":{"line":22,"column":1}},"2":{"start":{"line":5,"column":2},"end":{"line":5,"column":null}},"3":{"start":{"line":5,"column":15},"end":{"line":5,"column":null}},"4":{"start":{"line":6,"column":2},"end":{"line":6,"column":null}},"5":{"start":{"line":6,"column":16},"end":{"line":6,"column":null}},"6":{"start":{"line":8,"column":17},"end":{"line":8,"column":39}},"7":{"start":{"line":10,"column":2},"end":{"line":12,"column":3}},"8":{"start":{"line":10,"column":15},"end":{"line":10,"column":16}},"9":{"start":{"line":11,"column":4},"end":{"line":11,"column":60}},"10":{"start":{"line":13,"column":2},"end":{"line":13,"column":null}},"11":{"start":{"line":15,"column":2},"end":{"line":15,"column":null}},"12":{"start":{"line":16,"column":2},"end":{"line":16,"column":null}},"13":{"start":{"line":17,"column":2},"end":{"line":17,"column":null}},"14":{"start":{"line":18,"column":2},"end":{"line":18,"column":null}},"15":{"start":{"line":19,"column":2},"end":{"line":19,"column":null}},"16":{"start":{"line":21,"column":2},"end":{"line":21,"column":null}},"17":{"start":{"line":4,"column":13},"end":{"line":4,"column":38}},"18":{"start":{"line":24,"column":0},"end":{"line":24,"column":null}}},"fnMap":{"0":{"name":"(anonymous_0)","decl":{"start":{"line":4,"column":38},"end":{"line":4,"column":39}},"loc":{"start":{"line":4,"column":74},"end":{"line":22,"column":1}}}},"branchMap":{"0":{"loc":{"start":{"line":5,"column":2},"end":{"line":5,"column":null}},"type":"if","locations":[{"start":{"line":5,"column":2},"end":{"line":5,"column":null}}]},"1":{"loc":{"start":{"line":6,"column":2},"end":{"line":6,"column":null}},"type":"if","locations":[{"start":{"line":6,"column":2},"end":{"line":6,"column":null}}]}},"s":{"0":1,"1":1,"2":3,"3":1,"4":2,"5":1,"6":1,"7":1,"8":1,"9":65535,"10":1,"11":1,"12":1,"13":1,"14":1,"15":1,"16":1,"17":1,"18":1},"f":{"0":3},"b":{"0":[1],"1":[1]}}
,"/home/harvmaster/Projects/Hashpass/v3/sdk/src/Crypto/PasswordGenerators/getGenerator.ts": {"path":"/home/harvmaster/Projects/Hashpass/v3/sdk/src/Crypto/PasswordGenerators/getGenerator.ts","statementMap":{"0":{"start":{"line":1,"column":0},"end":{"line":1,"column":66}},"1":{"start":{"line":2,"column":0},"end":{"line":2,"column":60}},"2":{"start":{"line":3,"column":0},"end":{"line":3,"column":66}},"3":{"start":{"line":8,"column":13},"end":{"line":12,"column":null}},"4":{"start":{"line":14,"column":28},"end":{"line":16,"column":1}},"5":{"start":{"line":15,"column":2},"end":{"line":15,"column":51}},"6":{"start":{"line":14,"column":13},"end":{"line":14,"column":28}},"7":{"start":{"line":18,"column":0},"end":{"line":18,"column":null}}},"fnMap":{"0":{"name":"(anonymous_0)","decl":{"start":{"line":14,"column":28},"end":{"line":14,"column":47}},"loc":{"start":{"line":14,"column":128},"end":{"line":16,"column":1}}}},"branchMap":{},"s":{"0":1,"1":1,"2":1,"3":1,"4":1,"5":4,"6":1,"7":1},"f":{"0":4},"b":{}}
,"/home/harvmaster/Projects/Hashpass/v3/sdk/src/Crypto/PasswordGenerators/index.ts": {"path":"/home/harvmaster/Projects/Hashpass/v3/sdk/src/Crypto/PasswordGenerators/index.ts","statementMap":{"0":{"start":{"line":1,"column":0},"end":{"line":1,"column":9}},"1":{"start":{"line":1,"column":9},"end":{"line":1,"column":42}},"2":{"start":{"line":2,"column":0},"end":{"line":2,"column":9}},"3":{"start":{"line":2,"column":9},"end":{"line":2,"column":39}},"4":{"start":{"line":3,"column":0},"end":{"line":3,"column":9}},"5":{"start":{"line":3,"column":9},"end":{"line":3,"column":42}},"6":{"start":{"line":5,"column":0},"end":{"line":5,"column":9}},"7":{"start":{"line":5,"column":9},"end":{"line":5,"column":30}},"8":{"start":{"line":6,"column":0},"end":{"line":6,"column":9}},"9":{"start":{"line":6,"column":9},"end":{"line":6,"column":32}}},"fnMap":{"0":{"name":"(anonymous_0)","decl":{"start":{"line":1,"column":9},"end":{"line":1,"column":16}},"loc":{"start":{"line":1,"column":9},"end":{"line":1,"column":42}}},"1":{"name":"(anonymous_1)","decl":{"start":{"line":2,"column":9},"end":{"line":2,"column":16}},"loc":{"start":{"line":2,"column":9},"end":{"line":2,"column":39}}},"2":{"name":"(anonymous_2)","decl":{"start":{"line":3,"column":9},"end":{"line":3,"column":16}},"loc":{"start":{"line":3,"column":9},"end":{"line":3,"column":42}}},"3":{"name":"(anonymous_3)","decl":{"start":{"line":5,"column":9},"end":{"line":5,"column":16}},"loc":{"start":{"line":5,"column":9},"end":{"line":5,"column":30}}},"4":{"name":"(anonymous_4)","decl":{"start":{"line":6,"column":9},"end":{"line":6,"column":16}},"loc":{"start":{"line":6,"column":9},"end":{"line":6,"column":32}}}},"branchMap":{},"s":{"0":1,"1":5,"2":1,"3":5,"4":1,"5":5,"6":1,"7":2,"8":1,"9":5},"f":{"0":4,"1":4,"2":4,"3":1,"4":4},"b":{}}
,"/home/harvmaster/Projects/Hashpass/v3/sdk/src/Crypto/SHA256/index.ts": {"path":"/home/harvmaster/Projects/Hashpass/v3/sdk/src/Crypto/SHA256/index.ts","statementMap":{"0":{"start":{"line":1,"column":0},"end":{"line":1,"column":35}},"1":{"start":{"line":3,"column":23},"end":{"line":5,"column":1}},"2":{"start":{"line":4,"column":4},"end":{"line":4,"column":25}},"3":{"start":{"line":3,"column":13},"end":{"line":3,"column":23}},"4":{"start":{"line":7,"column":0},"end":{"line":7,"column":null}}},"fnMap":{"0":{"name":"(anonymous_0)","decl":{"start":{"line":3,"column":23},"end":{"line":3,"column":24}},"loc":{"start":{"line":3,"column":41},"end":{"line":5,"column":1}}}},"branchMap":{},"s":{"0":1,"1":1,"2":1,"3":1,"4":1},"f":{"0":1},"b":{}}
,"/home/harvmaster/Projects/Hashpass/v3/sdk/src/Service/EncryptedService.ts": {"path":"/home/harvmaster/Projects/Hashpass/v3/sdk/src/Service/EncryptedService.ts","statementMap":{"0":{"start":{"line":4,"column":0},"end":{"line":4,"column":32}},"1":{"start":{"line":5,"column":0},"end":{"line":5,"column":48}},"2":{"start":{"line":12,"column":11},"end":{"line":12,"column":null}},"3":{"start":{"line":25,"column":4},"end":{"line":25,"column":26}},"4":{"start":{"line":26,"column":4},"end":{"line":26,"column":29}},"5":{"start":{"line":27,"column":4},"end":{"line":27,"column":33}},"6":{"start":{"line":28,"column":4},"end":{"line":28,"column":29}},"7":{"start":{"line":29,"column":4},"end":{"line":29,"column":32}},"8":{"start":{"line":30,"column":4},"end":{"line":30,"column":37}},"9":{"start":{"line":31,"column":4},"end":{"line":31,"column":45}},"10":{"start":{"line":32,"column":4},"end":{"line":32,"column":31}},"11":{"start":{"line":34,"column":4},"end":{"line":34,"column":null}},"12":{"start":{"line":38,"column":4},"end":{"line":38,"column":null}},"13":{"start":{"line":42,"column":17},"end":{"line":42,"column":30}},"14":{"start":{"line":44,"column":27},"end":{"line":44,"column":62}},"15":{"start":{"line":45,"column":4},"end":{"line":45,"column":null}},"16":{"start":{"line":47,"column":4},"end":{"line":47,"column":null}},"17":{"start":{"line":51,"column":4},"end":{"line":60,"column":6}},"18":{"start":{"line":64,"column":0},"end":{"line":64,"column":32}}},"fnMap":{"0":{"name":"(anonymous_2)","decl":{"start":{"line":24,"column":2},"end":{"line":24,"column":14}},"loc":{"start":{"line":24,"column":35},"end":{"line":35,"column":3}}},"1":{"name":"(anonymous_3)","decl":{"start":{"line":37,"column":2},"end":{"line":37,"column":6}},"loc":{"start":{"line":37,"column":11},"end":{"line":39,"column":3}}},"2":{"name":"(anonymous_4)","decl":{"start":{"line":41,"column":2},"end":{"line":41,"column":7}},"loc":{"start":{"line":41,"column":27},"end":{"line":48,"column":3}}},"3":{"name":"(anonymous_5)","decl":{"start":{"line":50,"column":2},"end":{"line":50,"column":8}},"loc":{"start":{"line":50,"column":8},"end":{"line":61,"column":3}}}},"branchMap":{},"s":{"0":1,"1":1,"2":6,"3":6,"4":6,"5":6,"6":6,"7":6,"8":6,"9":6,"10":6,"11":6,"12":13,"13":4,"14":4,"15":1,"16":1,"17":6,"18":1},"f":{"0":6,"1":13,"2":4,"3":6},"b":{}}
,"/home/harvmaster/Projects/Hashpass/v3/sdk/src/Service/Service.ts": {"path":"/home/harvmaster/Projects/Hashpass/v3/sdk/src/Service/Service.ts","statementMap":{"0":{"start":{"line":3,"column":0},"end":{"line":3,"column":50}},"1":{"start":{"line":4,"column":0},"end":{"line":4,"column":48}},"2":{"start":{"line":24,"column":4},"end":{"line":24,"column":27}},"3":{"start":{"line":25,"column":4},"end":{"line":25,"column":29}},"4":{"start":{"line":26,"column":4},"end":{"line":26,"column":33}},"5":{"start":{"line":27,"column":4},"end":{"line":27,"column":29}},"6":{"start":{"line":28,"column":4},"end":{"line":28,"column":31}},"7":{"start":{"line":29,"column":4},"end":{"line":29,"column":37}},"8":{"start":{"line":30,"column":4},"end":{"line":30,"column":45}},"9":{"start":{"line":31,"column":4},"end":{"line":31,"column":31}},"10":{"start":{"line":35,"column":17},"end":{"line":35,"column":30}},"11":{"start":{"line":37,"column":27},"end":{"line":37,"column":62}},"12":{"start":{"line":38,"column":4},"end":{"line":38,"column":null}},"13":{"start":{"line":40,"column":4},"end":{"line":40,"column":null}},"14":{"start":{"line":44,"column":4},"end":{"line":53,"column":6}},"15":{"start":{"line":57,"column":0},"end":{"line":57,"column":23}}},"fnMap":{"0":{"name":"(anonymous_0)","decl":{"start":{"line":23,"column":2},"end":{"line":23,"column":14}},"loc":{"start":{"line":23,"column":35},"end":{"line":32,"column":3}}},"1":{"name":"(anonymous_1)","decl":{"start":{"line":34,"column":2},"end":{"line":34,"column":7}},"loc":{"start":{"line":34,"column":27},"end":{"line":41,"column":3}}},"2":{"name":"(anonymous_2)","decl":{"start":{"line":43,"column":2},"end":{"line":43,"column":8}},"loc":{"start":{"line":43,"column":8},"end":{"line":54,"column":3}}}},"branchMap":{},"s":{"0":1,"1":1,"2":5,"3":5,"4":5,"5":5,"6":5,"7":5,"8":5,"9":5,"10":4,"11":4,"12":4,"13":4,"14":5,"15":1},"f":{"0":5,"1":4,"2":5},"b":{}}
,"/home/harvmaster/Projects/Hashpass/v3/sdk/src/Service/index.ts": {"path":"/home/harvmaster/Projects/Hashpass/v3/sdk/src/Service/index.ts","statementMap":{"0":{"start":{"line":1,"column":0},"end":{"line":1,"column":9}},"1":{"start":{"line":1,"column":9},"end":{"line":1,"column":36}},"2":{"start":{"line":2,"column":0},"end":{"line":2,"column":9}},"3":{"start":{"line":2,"column":9},"end":{"line":2,"column":27}},"4":{"start":{"line":4,"column":0},"end":{"line":4,"column":32}}},"fnMap":{"0":{"name":"(anonymous_0)","decl":{"start":{"line":1,"column":9},"end":{"line":1,"column":16}},"loc":{"start":{"line":1,"column":9},"end":{"line":1,"column":36}}},"1":{"name":"(anonymous_1)","decl":{"start":{"line":2,"column":9},"end":{"line":2,"column":16}},"loc":{"start":{"line":2,"column":9},"end":{"line":2,"column":27}}}},"branchMap":{},"s":{"0":1,"1":8,"2":1,"3":5,"4":1},"f":{"0":7,"1":4},"b":{}}
,"/home/harvmaster/Projects/Hashpass/v3/sdk/src/Service/Notes/decryptNotes.ts": {"path":"/home/harvmaster/Projects/Hashpass/v3/sdk/src/Service/Notes/decryptNotes.ts","statementMap":{"0":{"start":{"line":1,"column":0},"end":{"line":1,"column":50}},"1":{"start":{"line":4,"column":30},"end":{"line":27,"column":1}},"2":{"start":{"line":5,"column":37},"end":{"line":5,"column":42}},"3":{"start":{"line":7,"column":26},"end":{"line":7,"column":28}},"4":{"start":{"line":8,"column":2},"end":{"line":10,"column":3}},"5":{"start":{"line":9,"column":4},"end":{"line":9,"column":null}},"6":{"start":{"line":12,"column":23},"end":{"line":12,"column":25}},"7":{"start":{"line":13,"column":2},"end":{"line":15,"column":3}},"8":{"start":{"line":14,"column":4},"end":{"line":14,"column":null}},"9":{"start":{"line":17,"column":23},"end":{"line":17,"column":25}},"10":{"start":{"line":18,"column":2},"end":{"line":20,"column":3}},"11":{"start":{"line":19,"column":4},"end":{"line":19,"column":null}},"12":{"start":{"line":22,"column":2},"end":{"line":26,"column":null}},"13":{"start":{"line":4,"column":13},"end":{"line":4,"column":30}},"14":{"start":{"line":29,"column":0},"end":{"line":29,"column":null}}},"fnMap":{"0":{"name":"(anonymous_0)","decl":{"start":{"line":4,"column":30},"end":{"line":4,"column":35}},"loc":{"start":{"line":4,"column":96},"end":{"line":27,"column":1}}}},"branchMap":{"0":{"loc":{"start":{"line":8,"column":2},"end":{"line":10,"column":3}},"type":"if","locations":[{"start":{"line":8,"column":2},"end":{"line":10,"column":3}}]},"1":{"loc":{"start":{"line":13,"column":2},"end":{"line":15,"column":3}},"type":"if","locations":[{"start":{"line":13,"column":2},"end":{"line":15,"column":3}}]},"2":{"loc":{"start":{"line":18,"column":2},"end":{"line":20,"column":3}},"type":"if","locations":[{"start":{"line":18,"column":2},"end":{"line":20,"column":3}}]}},"s":{"0":1,"1":1,"2":4,"3":4,"4":4,"5":4,"6":1,"7":1,"8":1,"9":1,"10":1,"11":1,"12":1,"13":1,"14":1},"f":{"0":4},"b":{"0":[4],"1":[1],"2":[1]}}
,"/home/harvmaster/Projects/Hashpass/v3/sdk/src/Service/Notes/encryptNotes.ts": {"path":"/home/harvmaster/Projects/Hashpass/v3/sdk/src/Service/Notes/encryptNotes.ts","statementMap":{"0":{"start":{"line":1,"column":0},"end":{"line":1,"column":50}},"1":{"start":{"line":4,"column":28},"end":{"line":27,"column":1}},"2":{"start":{"line":5,"column":37},"end":{"line":5,"column":42}},"3":{"start":{"line":7,"column":26},"end":{"line":7,"column":28}},"4":{"start":{"line":8,"column":2},"end":{"line":10,"column":3}},"5":{"start":{"line":9,"column":4},"end":{"line":9,"column":null}},"6":{"start":{"line":12,"column":23},"end":{"line":12,"column":25}},"7":{"start":{"line":13,"column":2},"end":{"line":15,"column":3}},"8":{"start":{"line":14,"column":4},"end":{"line":14,"column":null}},"9":{"start":{"line":17,"column":23},"end":{"line":17,"column":25}},"10":{"start":{"line":18,"column":2},"end":{"line":20,"column":3}},"11":{"start":{"line":19,"column":4},"end":{"line":19,"column":null}},"12":{"start":{"line":22,"column":2},"end":{"line":26,"column":null}},"13":{"start":{"line":4,"column":13},"end":{"line":4,"column":28}},"14":{"start":{"line":29,"column":0},"end":{"line":29,"column":null}}},"fnMap":{"0":{"name":"(anonymous_0)","decl":{"start":{"line":4,"column":28},"end":{"line":4,"column":33}},"loc":{"start":{"line":4,"column":94},"end":{"line":27,"column":1}}}},"branchMap":{"0":{"loc":{"start":{"line":8,"column":2},"end":{"line":10,"column":3}},"type":"if","locations":[{"start":{"line":8,"column":2},"end":{"line":10,"column":3}}]},"1":{"loc":{"start":{"line":13,"column":2},"end":{"line":15,"column":3}},"type":"if","locations":[{"start":{"line":13,"column":2},"end":{"line":15,"column":3}}]},"2":{"loc":{"start":{"line":18,"column":2},"end":{"line":20,"column":3}},"type":"if","locations":[{"start":{"line":18,"column":2},"end":{"line":20,"column":3}}]}},"s":{"0":1,"1":1,"2":4,"3":4,"4":4,"5":4,"6":4,"7":4,"8":4,"9":4,"10":4,"11":4,"12":4,"13":1,"14":1},"f":{"0":4},"b":{"0":[4],"1":[4],"2":[4]}}
,"/home/harvmaster/Projects/Hashpass/v3/sdk/src/Service/Notes/index.ts": {"path":"/home/harvmaster/Projects/Hashpass/v3/sdk/src/Service/Notes/index.ts","statementMap":{"0":{"start":{"line":1,"column":0},"end":{"line":1,"column":9}},"1":{"start":{"line":1,"column":9},"end":{"line":1,"column":32}},"2":{"start":{"line":2,"column":0},"end":{"line":2,"column":9}},"3":{"start":{"line":2,"column":9},"end":{"line":2,"column":32}}},"fnMap":{"0":{"name":"(anonymous_0)","decl":{"start":{"line":1,"column":9},"end":{"line":1,"column":16}},"loc":{"start":{"line":1,"column":9},"end":{"line":1,"column":32}}},"1":{"name":"(anonymous_1)","decl":{"start":{"line":2,"column":9},"end":{"line":2,"column":16}},"loc":{"start":{"line":2,"column":9},"end":{"line":2,"column":32}}}},"branchMap":{},"s":{"0":1,"1":1,"2":1,"3":1},"f":{"0":0,"1":0},"b":{}}
}
