TN:
SF:src/Crypto/getCrypto.ts
FN:6,(anonymous_0)
FN:15,(anonymous_1)
FNF:2
FNH:2
FNDA:44,(anonymous_0)
FNDA:44,(anonymous_1)
DA:6,2
DA:8,44
DA:9,44
DA:10,44
DA:13,44
DA:14,44
DA:15,88
DA:16,44
DA:17,44
DA:23,44
DA:24,44
DA:27,0
DA:29,44
DA:32,2
LF:14
LH:13
BRDA:10,0,0,44
BRDA:14,1,0,44
BRDA:16,2,0,0
BRDA:24,3,0,0
BRF:4
BRH:2
end_of_record
TN:
SF:src/Crypto/Encryption/aesKey.ts
FN:6,(anonymous_0)
FN:10,(anonymous_1)
FN:33,(anonymous_2)
FNF:3
FNH:3
FNDA:21,(anonymous_0)
FNDA:15,(anonymous_1)
FNDA:7,(anonymous_2)
DA:1,2
DA:3,2
DA:7,21
DA:11,15
DA:12,15
DA:15,15
DA:16,15
DA:24,15
DA:25,15
DA:27,15
DA:28,15
DA:30,15
DA:34,7
DA:35,7
DA:37,7
DA:38,7
DA:40,7
DA:48,5
DA:52,2
LF:19
LH:19
BRDA:12,0,0,0
BRDA:38,1,0,0
BRF:2
BRH:0
end_of_record
TN:
SF:src/Crypto/Encryption/decrypt.ts
FN:3,(anonymous_0)
FN:5,(anonymous_1)
FNF:2
FNH:2
FNDA:7,(anonymous_0)
FNDA:167,(anonymous_1)
DA:1,2
DA:3,2
DA:4,7
DA:5,167
DA:6,6
DA:7,4
DA:10,2
LF:7
LH:7
BRF:0
BRH:0
end_of_record
TN:
SF:src/Crypto/Encryption/encrypt.ts
FN:3,(anonymous_0)
FNF:1
FNH:1
FNDA:13,(anonymous_0)
DA:1,2
DA:3,2
DA:4,13
DA:5,13
DA:6,13
DA:7,13
DA:10,2
LF:7
LH:7
BRF:0
BRH:0
end_of_record
TN:
SF:src/Crypto/Encryption/generateAES.ts
FN:5,(anonymous_0)
FNF:1
FNH:1
FNDA:22,(anonymous_0)
DA:2,2
DA:3,2
DA:5,2
DA:6,22
DA:7,22
DA:8,22
DA:9,22
DA:10,22
DA:12,22
DA:13,22
DA:15,22
DA:22,22
DA:34,21
DA:37,2
LF:14
LH:14
BRDA:13,0,0,0
BRF:1
BRH:0
end_of_record
TN:
SF:src/Crypto/Encryption/index.ts
FN:1,(anonymous_0)
FN:2,(anonymous_1)
FN:4,(anonymous_2)
FN:5,(anonymous_3)
FNF:4
FNH:4
FNDA:22,(anonymous_0)
FNDA:1,(anonymous_1)
FNDA:13,(anonymous_2)
FNDA:7,(anonymous_3)
DA:1,24
DA:2,3
DA:4,15
DA:5,9
LF:4
LH:4
BRF:0
BRH:0
end_of_record
TN:
SF:src/Service/EncryptedService.ts
FN:24,(anonymous_2)
FN:37,(anonymous_3)
FN:41,(anonymous_4)
FN:50,(anonymous_5)
FNF:4
FNH:4
FNDA:6,(anonymous_2)
FNDA:13,(anonymous_3)
FNDA:4,(anonymous_4)
FNDA:6,(anonymous_5)
DA:4,1
DA:5,1
DA:12,6
DA:25,6
DA:26,6
DA:27,6
DA:28,6
DA:29,6
DA:30,6
DA:31,6
DA:32,6
DA:34,6
DA:38,13
DA:42,4
DA:44,4
DA:45,1
DA:47,1
DA:51,6
DA:64,1
LF:19
LH:19
BRF:0
BRH:0
end_of_record
TN:
SF:src/Service/Service.ts
FN:23,(anonymous_0)
FN:34,(anonymous_1)
FN:43,(anonymous_2)
FNF:3
FNH:3
FNDA:5,(anonymous_0)
FNDA:4,(anonymous_1)
FNDA:5,(anonymous_2)
DA:3,1
DA:4,1
DA:24,5
DA:25,5
DA:26,5
DA:27,5
DA:28,5
DA:29,5
DA:30,5
DA:31,5
DA:35,4
DA:37,4
DA:38,4
DA:40,4
DA:44,5
DA:57,1
LF:16
LH:16
BRF:0
BRH:0
end_of_record
TN:
SF:src/Service/index.ts
FN:1,(anonymous_0)
FN:2,(anonymous_1)
FNF:2
FNH:2
FNDA:7,(anonymous_0)
FNDA:4,(anonymous_1)
DA:1,8
DA:2,5
DA:4,1
LF:3
LH:3
BRF:0
BRH:0
end_of_record
TN:
SF:src/Service/Notes/decryptNotes.ts
FN:4,(anonymous_0)
FNF:1
FNH:1
FNDA:4,(anonymous_0)
DA:1,1
DA:4,1
DA:5,4
DA:7,4
DA:8,4
DA:9,4
DA:12,1
DA:13,1
DA:14,1
DA:17,1
DA:18,1
DA:19,1
DA:22,1
DA:29,1
LF:14
LH:14
BRDA:8,0,0,4
BRDA:13,1,0,1
BRDA:18,2,0,1
BRF:3
BRH:3
end_of_record
TN:
SF:src/Service/Notes/encryptNotes.ts
FN:4,(anonymous_0)
FNF:1
FNH:1
FNDA:4,(anonymous_0)
DA:1,1
DA:4,1
DA:5,4
DA:7,4
DA:8,4
DA:9,4
DA:12,4
DA:13,4
DA:14,4
DA:17,4
DA:18,4
DA:19,4
DA:22,4
DA:29,1
LF:14
LH:14
BRDA:8,0,0,4
BRDA:13,1,0,4
BRDA:18,2,0,4
BRF:3
BRH:3
end_of_record
