TN:
SF:src/API/api.ts
FN:13,(anonymous_0)
FN:19,(anonymous_1)
FN:39,(anonymous_2)
FN:45,(anonymous_3)
FN:49,(anonymous_4)
FN:54,(anonymous_5)
FN:59,(anonymous_6)
FN:64,(anonymous_7)
FN:69,(anonymous_8)
FN:73,(anonymous_9)
FN:77,(anonymous_10)
FN:81,(anonymous_11)
FNF:12
FNH:7
FNDA:10,(anonymous_0)
FNDA:18,(anonymous_1)
FNDA:2,(anonymous_2)
FNDA:18,(anonymous_3)
FNDA:4,(anonymous_4)
FNDA:11,(anonymous_5)
FNDA:0,(anonymous_6)
FNDA:3,(anonymous_7)
FNDA:0,(anonymous_8)
FNDA:0,(anonymous_9)
FNDA:0,(anonymous_10)
FNDA:0,(anonymous_11)
DA:10,2
DA:14,10
DA:15,10
DA:19,2
DA:20,18
DA:21,18
DA:27,18
DA:28,5
DA:33,5
DA:36,13
DA:39,2
DA:40,2
DA:43,2
DA:46,18
DA:50,4
DA:51,4
DA:55,11
DA:56,11
DA:60,0
DA:61,0
DA:65,3
DA:66,3
DA:70,0
DA:74,0
DA:78,0
DA:82,0
DA:86,2
DA:88,2
LF:28
LH:22
BRDA:19,0,0,7
BRDA:20,1,0,0
BRDA:20,1,1,18
BRDA:24,2,0,11
BRDA:24,2,1,7
BRDA:27,3,0,5
BRDA:49,4,0,1
BRDA:54,5,0,0
BRDA:54,6,0,11
BRDA:59,7,0,0
BRDA:59,8,0,0
BRDA:64,9,0,0
BRF:12
BRH:7
end_of_record
TN:
SF:src/API/Auth/AuthToken.ts
FN:17,(anonymous_0)
FN:22,(anonymous_1)
FN:32,(anonymous_2)
FN:41,(anonymous_3)
FN:46,(anonymous_4)
FN:51,(anonymous_5)
FN:57,(anonymous_6)
FNF:7
FNH:1
FNDA:7,(anonymous_0)
FNDA:0,(anonymous_1)
FNDA:0,(anonymous_2)
FNDA:0,(anonymous_3)
FNDA:0,(anonymous_4)
FNDA:0,(anonymous_5)
FNDA:0,(anonymous_6)
DA:1,2
DA:2,2
DA:18,7
DA:19,7
DA:23,0
DA:24,0
DA:25,0
DA:26,0
DA:27,0
DA:28,0
DA:29,0
DA:33,0
DA:34,0
DA:37,0
DA:38,0
DA:42,0
DA:43,0
DA:47,0
DA:48,0
DA:52,0
DA:53,0
DA:54,0
DA:58,0
DA:59,0
DA:60,0
DA:61,0
DA:65,2
LF:27
LH:5
BRDA:18,0,0,7
BRDA:18,0,1,0
BRDA:24,1,0,0
BRDA:33,2,0,0
BRDA:43,3,0,0
BRDA:47,4,0,0
BRDA:58,5,0,0
BRDA:58,5,1,0
BRDA:60,6,0,0
BRF:9
BRH:1
end_of_record
TN:
SF:src/API/Logo/getDomainRecommendation.ts
FN:5,(anonymous_0)
FNF:1
FNH:1
FNDA:1,(anonymous_0)
DA:1,1
DA:5,1
DA:6,1
DA:7,1
DA:8,1
DA:9,1
DA:13,1
DA:15,1
DA:17,0
DA:18,0
DA:19,0
DA:21,0
DA:22,0
DA:25,0
DA:29,1
LF:15
LH:9
BRDA:8,0,0,1
BRDA:18,1,0,0
BRDA:18,2,0,0
BRDA:18,2,1,0
BRDA:18,3,0,0
BRDA:18,3,1,0
BRDA:18,4,0,0
BRDA:18,4,1,0
BRDA:18,5,0,0
BRDA:18,5,1,0
BRDA:21,6,0,0
BRDA:21,7,0,0
BRDA:21,7,1,0
BRDA:21,8,0,0
BRDA:21,8,1,0
BRDA:21,9,0,0
BRDA:21,9,1,0
BRDA:21,10,0,0
BRDA:21,10,1,0
BRF:19
BRH:1
end_of_record
TN:
SF:src/API/Logo/getLogos.ts
FN:5,(anonymous_0)
FNF:1
FNH:1
FNDA:1,(anonymous_0)
DA:1,1
DA:5,1
DA:6,1
DA:7,1
DA:9,1
DA:11,0
DA:12,0
DA:13,0
DA:15,0
DA:16,0
DA:19,0
DA:23,1
LF:12
LH:6
BRDA:12,0,0,0
BRDA:12,1,0,0
BRDA:12,1,1,0
BRDA:12,2,0,0
BRDA:12,2,1,0
BRDA:12,3,0,0
BRDA:12,3,1,0
BRDA:12,4,0,0
BRDA:12,4,1,0
BRDA:15,5,0,0
BRDA:15,6,0,0
BRDA:15,6,1,0
BRDA:15,7,0,0
BRDA:15,7,1,0
BRDA:15,8,0,0
BRDA:15,8,1,0
BRDA:15,9,0,0
BRDA:15,9,1,0
BRF:18
BRH:0
end_of_record
TN:
SF:src/API/Logo/index.ts
FN:1,(anonymous_0)
FN:2,(anonymous_1)
FNF:2
FNH:2
FNDA:1,(anonymous_0)
FNDA:1,(anonymous_1)
DA:1,2
DA:2,2
LF:2
LH:2
BRF:0
BRH:0
end_of_record
TN:
SF:src/API/Users/createUser.ts
FN:13,(anonymous_0)
FNF:1
FNH:1
FNDA:3,(anonymous_0)
DA:1,2
DA:2,2
DA:13,2
DA:14,3
DA:15,3
DA:20,2
DA:21,2
DA:23,2
DA:29,1
DA:30,0
DA:32,1
DA:33,1
DA:36,0
DA:40,2
LF:14
LH:12
BRDA:29,0,0,0
BRDA:29,1,0,0
BRDA:29,1,1,1
BRDA:29,2,0,1
BRDA:29,2,1,1
BRDA:29,3,0,0
BRDA:29,3,1,1
BRDA:29,4,0,1
BRDA:29,4,1,1
BRDA:32,5,0,1
BRDA:32,6,0,0
BRDA:32,6,1,1
BRDA:32,7,0,1
BRDA:32,7,1,1
BRDA:32,8,0,0
BRDA:32,8,1,1
BRDA:32,9,0,1
BRDA:32,9,1,1
BRF:18
BRH:13
end_of_record
TN:
SF:src/API/Users/deleteUser.ts
FN:5,(anonymous_0)
FNF:1
FNH:1
FNDA:3,(anonymous_0)
DA:1,2
DA:5,2
DA:6,3
DA:7,3
DA:9,3
DA:10,3
DA:14,2
DA:17,1
DA:18,1
DA:20,0
DA:21,0
DA:23,0
DA:24,0
DA:27,0
DA:31,2
LF:15
LH:10
BRDA:7,0,0,3
BRDA:17,1,0,1
BRDA:17,2,0,0
BRDA:17,2,1,1
BRDA:17,3,0,1
BRDA:17,3,1,1
BRDA:17,4,0,0
BRDA:17,4,1,1
BRDA:17,5,0,1
BRDA:17,5,1,1
BRDA:20,6,0,0
BRDA:20,7,0,0
BRDA:20,7,1,0
BRDA:20,8,0,0
BRDA:20,8,1,0
BRDA:20,9,0,0
BRDA:20,9,1,0
BRDA:20,10,0,0
BRDA:20,10,1,0
BRDA:23,11,0,0
BRDA:23,12,0,0
BRDA:23,12,1,0
BRDA:23,13,0,0
BRDA:23,13,1,0
BRDA:23,14,0,0
BRDA:23,14,1,0
BRDA:23,15,0,0
BRDA:23,15,1,0
BRF:28
BRH:8
end_of_record
TN:
SF:src/API/Users/getUser.ts
FN:5,(anonymous_0)
FNF:1
FNH:1
FNDA:2,(anonymous_0)
DA:1,2
DA:5,2
DA:6,2
DA:7,2
DA:9,2
DA:10,2
DA:14,1
DA:17,1
DA:18,1
DA:20,0
DA:21,0
DA:23,0
DA:24,0
DA:27,0
DA:31,2
LF:15
LH:10
BRDA:7,0,0,2
BRDA:17,1,0,1
BRDA:17,2,0,0
BRDA:17,2,1,1
BRDA:17,3,0,1
BRDA:17,3,1,1
BRDA:17,4,0,0
BRDA:17,4,1,1
BRDA:17,5,0,1
BRDA:17,5,1,1
BRDA:20,6,0,0
BRDA:20,7,0,0
BRDA:20,7,1,0
BRDA:20,8,0,0
BRDA:20,8,1,0
BRDA:20,9,0,0
BRDA:20,9,1,0
BRDA:20,10,0,0
BRDA:20,10,1,0
BRDA:23,11,0,0
BRDA:23,12,0,0
BRDA:23,12,1,0
BRDA:23,13,0,0
BRDA:23,13,1,0
BRDA:23,14,0,0
BRDA:23,14,1,0
BRDA:23,15,0,0
BRDA:23,15,1,0
BRF:28
BRH:8
end_of_record
TN:
SF:src/API/Users/index.ts
FN:1,(anonymous_0)
FN:2,(anonymous_1)
FN:3,(anonymous_2)
FN:4,(anonymous_3)
FN:5,(anonymous_4)
FNF:5
FNH:5
FNDA:3,(anonymous_0)
FNDA:3,(anonymous_1)
FNDA:2,(anonymous_2)
FNDA:7,(anonymous_3)
FNDA:1,(anonymous_4)
DA:1,5
DA:2,5
DA:3,4
DA:4,9
DA:5,3
LF:5
LH:5
BRF:0
BRH:0
end_of_record
TN:
SF:src/API/Users/login.ts
FN:13,(anonymous_0)
FNF:1
FNH:1
FNDA:7,(anonymous_0)
DA:1,2
DA:2,2
DA:13,2
DA:14,7
DA:15,7
DA:20,5
DA:21,5
DA:23,5
DA:29,2
DA:30,0
DA:32,2
DA:33,2
DA:36,0
DA:40,2
LF:14
LH:12
BRDA:29,0,0,0
BRDA:29,1,0,0
BRDA:29,1,1,2
BRDA:29,2,0,2
BRDA:29,2,1,2
BRDA:29,3,0,0
BRDA:29,3,1,2
BRDA:29,4,0,2
BRDA:29,4,1,2
BRDA:32,5,0,2
BRDA:32,6,0,0
BRDA:32,6,1,2
BRDA:32,7,0,2
BRDA:32,7,1,2
BRDA:32,8,0,0
BRDA:32,8,1,2
BRDA:32,9,0,2
BRDA:32,9,1,2
BRF:18
BRH:13
end_of_record
TN:
SF:src/API/Users/refreshAccessToken.ts
FN:5,(anonymous_0)
FNF:1
FNH:1
FNDA:1,(anonymous_0)
DA:1,2
DA:5,2
DA:6,1
DA:7,1
DA:11,1
DA:14,0
DA:15,0
DA:17,0
DA:18,0
DA:21,0
DA:25,2
LF:11
LH:6
BRDA:14,0,0,0
BRDA:14,1,0,0
BRDA:14,1,1,0
BRDA:14,2,0,0
BRDA:14,2,1,0
BRDA:14,3,0,0
BRDA:14,3,1,0
BRDA:14,4,0,0
BRDA:14,4,1,0
BRDA:17,5,0,0
BRDA:17,6,0,0
BRDA:17,6,1,0
BRDA:17,7,0,0
BRDA:17,7,1,0
BRDA:17,8,0,0
BRDA:17,8,1,0
BRDA:17,9,0,0
BRDA:17,9,1,0
BRF:18
BRH:0
end_of_record
TN:
SF:src/Crypto/getCrypto.ts
FN:6,(anonymous_0)
FN:15,(anonymous_1)
FNF:2
FNH:2
FNDA:44,(anonymous_0)
FNDA:44,(anonymous_1)
DA:6,2
DA:8,44
DA:9,44
DA:10,44
DA:13,44
DA:14,44
DA:15,88
DA:16,44
DA:17,44
DA:23,44
DA:24,44
DA:27,0
DA:29,44
DA:32,2
LF:14
LH:13
BRDA:10,0,0,44
BRDA:14,1,0,44
BRDA:16,2,0,0
BRDA:24,3,0,0
BRF:4
BRH:2
end_of_record
TN:
SF:src/Crypto/Encodings/hexToBase58.ts
FN:11,hexToBase58
FN:49,(anonymous_1)
FNF:2
FNH:2
FNDA:3,hexToBase58
FNDA:88,(anonymous_1)
DA:1,2
DA:2,2
DA:4,2
DA:7,2
DA:8,116
DA:11,2
DA:12,3
DA:13,1
DA:16,2
DA:17,2
DA:18,64
DA:21,2
DA:22,2
DA:23,64
DA:24,1376
DA:27,64
DA:29,64
DA:30,64
DA:31,1376
DA:33,1376
DA:34,1376
DA:37,64
DA:38,86
DA:39,86
DA:43,2
DA:44,2
DA:45,2
DA:46,0
DA:49,88
DA:52,2
LF:30
LH:29
BRDA:12,0,0,1
BRDA:45,1,0,2
BRF:2
BRH:2
end_of_record
TN:
SF:src/Crypto/Encodings/index.ts
FN:1,(anonymous_0)
FNF:1
FNH:1
FNDA:3,(anonymous_0)
DA:1,5
LF:1
LH:1
BRF:0
BRH:0
end_of_record
TN:
SF:src/Crypto/Encryption/aesKey.ts
FN:6,(anonymous_0)
FN:10,(anonymous_1)
FN:33,(anonymous_2)
FNF:3
FNH:3
FNDA:21,(anonymous_0)
FNDA:15,(anonymous_1)
FNDA:7,(anonymous_2)
DA:1,2
DA:3,2
DA:7,21
DA:11,15
DA:12,15
DA:15,15
DA:16,15
DA:24,15
DA:25,15
DA:27,15
DA:28,15
DA:30,15
DA:34,7
DA:35,7
DA:37,7
DA:38,7
DA:40,7
DA:48,5
DA:52,2
LF:19
LH:19
BRDA:12,0,0,0
BRDA:38,1,0,0
BRF:2
BRH:0
end_of_record
TN:
SF:src/Crypto/Encryption/decrypt.ts
FN:3,(anonymous_0)
FN:5,(anonymous_1)
FNF:2
FNH:2
FNDA:7,(anonymous_0)
FNDA:167,(anonymous_1)
DA:1,2
DA:3,2
DA:4,7
DA:5,167
DA:6,6
DA:7,4
DA:10,2
LF:7
LH:7
BRF:0
BRH:0
end_of_record
TN:
SF:src/Crypto/Encryption/encrypt.ts
FN:3,(anonymous_0)
FNF:1
FNH:1
FNDA:13,(anonymous_0)
DA:1,2
DA:3,2
DA:4,13
DA:5,13
DA:6,13
DA:7,13
DA:10,2
LF:7
LH:7
BRF:0
BRH:0
end_of_record
TN:
SF:src/Crypto/Encryption/generateAES.ts
FN:5,(anonymous_0)
FNF:1
FNH:1
FNDA:22,(anonymous_0)
DA:2,2
DA:3,2
DA:5,2
DA:6,22
DA:7,22
DA:8,22
DA:9,22
DA:10,22
DA:12,22
DA:13,22
DA:15,22
DA:22,22
DA:34,21
DA:37,2
LF:14
LH:14
BRDA:13,0,0,0
BRF:1
BRH:0
end_of_record
TN:
SF:src/Crypto/Encryption/index.ts
FN:1,(anonymous_0)
FN:2,(anonymous_1)
FN:4,(anonymous_2)
FN:5,(anonymous_3)
FNF:4
FNH:4
FNDA:22,(anonymous_0)
FNDA:1,(anonymous_1)
FNDA:13,(anonymous_2)
FNDA:7,(anonymous_3)
DA:1,24
DA:2,3
DA:4,15
DA:5,9
LF:4
LH:4
BRF:0
BRH:0
end_of_record
TN:
SF:src/Crypto/PasswordGenerators/algorithms.ts
FNF:0
FNH:0
DA:7,1
DA:13,1
LF:2
LH:2
BRF:0
BRH:0
end_of_record
TN:
SF:src/Crypto/PasswordGenerators/generateBase58Password.ts
FN:5,(anonymous_0)
FNF:1
FNH:1
FNDA:3,(anonymous_0)
DA:1,1
DA:2,1
DA:5,1
DA:6,3
DA:7,2
DA:9,1
DA:11,1
DA:12,65536
DA:15,1
DA:18,1
DA:21,1
DA:24,1
DA:27,1
DA:30,1
DA:32,1
DA:35,1
LF:16
LH:16
BRDA:6,0,0,1
BRDA:7,1,0,1
BRF:2
BRH:2
end_of_record
TN:
SF:src/Crypto/PasswordGenerators/generateHexPassword.ts
FN:4,(anonymous_0)
FNF:1
FNH:1
FNDA:3,(anonymous_0)
DA:1,1
DA:4,1
DA:5,3
DA:6,2
DA:8,1
DA:10,1
DA:11,65536
DA:14,1
DA:15,1
DA:16,1
DA:17,1
DA:18,1
DA:20,1
DA:23,1
LF:14
LH:14
BRDA:5,0,0,1
BRDA:6,1,0,1
BRF:2
BRH:2
end_of_record
TN:
SF:src/Crypto/PasswordGenerators/generateLegacyPassword.ts
FN:4,(anonymous_0)
FNF:1
FNH:1
FNDA:3,(anonymous_0)
DA:1,1
DA:4,1
DA:5,3
DA:6,2
DA:8,1
DA:10,1
DA:11,65535
DA:13,1
DA:15,1
DA:16,1
DA:17,1
DA:18,1
DA:19,1
DA:21,1
DA:24,1
LF:15
LH:15
BRDA:5,0,0,1
BRDA:6,1,0,1
BRF:2
BRH:2
end_of_record
TN:
SF:src/Crypto/PasswordGenerators/getGenerator.ts
FN:14,(anonymous_0)
FNF:1
FNH:1
FNDA:4,(anonymous_0)
DA:1,1
DA:2,1
DA:3,1
DA:8,1
DA:14,1
DA:15,4
DA:18,1
LF:7
LH:7
BRF:0
BRH:0
end_of_record
TN:
SF:src/Crypto/PasswordGenerators/index.ts
FN:1,(anonymous_0)
FN:2,(anonymous_1)
FN:3,(anonymous_2)
FN:5,(anonymous_3)
FN:6,(anonymous_4)
FNF:5
FNH:5
FNDA:4,(anonymous_0)
FNDA:4,(anonymous_1)
FNDA:4,(anonymous_2)
FNDA:1,(anonymous_3)
FNDA:4,(anonymous_4)
DA:1,5
DA:2,5
DA:3,5
DA:5,2
DA:6,5
LF:5
LH:5
BRF:0
BRH:0
end_of_record
TN:
SF:src/Crypto/SHA256/index.ts
FN:3,(anonymous_0)
FNF:1
FNH:1
FNDA:1,(anonymous_0)
DA:1,1
DA:3,1
DA:4,1
DA:7,1
LF:4
LH:4
BRF:0
BRH:0
end_of_record
TN:
SF:src/Service/EncryptedService.ts
FN:24,(anonymous_2)
FN:37,(anonymous_3)
FN:41,(anonymous_4)
FN:50,(anonymous_5)
FNF:4
FNH:4
FNDA:6,(anonymous_2)
FNDA:13,(anonymous_3)
FNDA:4,(anonymous_4)
FNDA:6,(anonymous_5)
DA:4,1
DA:5,1
DA:12,6
DA:25,6
DA:26,6
DA:27,6
DA:28,6
DA:29,6
DA:30,6
DA:31,6
DA:32,6
DA:34,6
DA:38,13
DA:42,4
DA:44,4
DA:45,1
DA:47,1
DA:51,6
DA:64,1
LF:19
LH:19
BRF:0
BRH:0
end_of_record
TN:
SF:src/Service/Service.ts
FN:23,(anonymous_0)
FN:34,(anonymous_1)
FN:43,(anonymous_2)
FNF:3
FNH:3
FNDA:5,(anonymous_0)
FNDA:4,(anonymous_1)
FNDA:5,(anonymous_2)
DA:3,1
DA:4,1
DA:24,5
DA:25,5
DA:26,5
DA:27,5
DA:28,5
DA:29,5
DA:30,5
DA:31,5
DA:35,4
DA:37,4
DA:38,4
DA:40,4
DA:44,5
DA:57,1
LF:16
LH:16
BRF:0
BRH:0
end_of_record
TN:
SF:src/Service/index.ts
FN:1,(anonymous_0)
FN:2,(anonymous_1)
FNF:2
FNH:2
FNDA:7,(anonymous_0)
FNDA:4,(anonymous_1)
DA:1,8
DA:2,5
DA:4,1
LF:3
LH:3
BRF:0
BRH:0
end_of_record
TN:
SF:src/Service/Notes/decryptNotes.ts
FN:4,(anonymous_0)
FNF:1
FNH:1
FNDA:4,(anonymous_0)
DA:1,1
DA:4,1
DA:5,4
DA:7,4
DA:8,4
DA:9,4
DA:12,1
DA:13,1
DA:14,1
DA:17,1
DA:18,1
DA:19,1
DA:22,1
DA:29,1
LF:14
LH:14
BRDA:8,0,0,4
BRDA:13,1,0,1
BRDA:18,2,0,1
BRF:3
BRH:3
end_of_record
TN:
SF:src/Service/Notes/encryptNotes.ts
FN:4,(anonymous_0)
FNF:1
FNH:1
FNDA:4,(anonymous_0)
DA:1,1
DA:4,1
DA:5,4
DA:7,4
DA:8,4
DA:9,4
DA:12,4
DA:13,4
DA:14,4
DA:17,4
DA:18,4
DA:19,4
DA:22,4
DA:29,1
LF:14
LH:14
BRDA:8,0,0,4
BRDA:13,1,0,4
BRDA:18,2,0,4
BRF:3
BRH:3
end_of_record
TN:
SF:src/Service/Notes/index.ts
FN:1,(anonymous_0)
FN:2,(anonymous_1)
FNF:2
FNH:0
FNDA:0,(anonymous_0)
FNDA:0,(anonymous_1)
DA:1,1
DA:2,1
LF:2
LH:2
BRF:0
BRH:0
end_of_record
